{"/home/innohdev/Code/testing-and-debugging-ensuring-mern-app-reliability-Innoh-25/server/src/app.js": {"path":"/home/innohdev/Code/testing-and-debugging-ensuring-mern-app-reliability-Innoh-25/server/src/app.js","statementMap":{"0":{"start":{"line":1,"column":16},"end":{"line":1,"column":34}},"1":{"start":{"line":2,"column":13},"end":{"line":2,"column":28}},"2":{"start":{"line":3,"column":15},"end":{"line":3,"column":32}},"3":{"start":{"line":4,"column":15},"end":{"line":4,"column":32}},"4":{"start":{"line":5,"column":0},"end":{"line":5,"column":27}},"5":{"start":{"line":7,"column":19},"end":{"line":7,"column":43}},"6":{"start":{"line":8,"column":19},"end":{"line":8,"column":44}},"7":{"start":{"line":9,"column":21},"end":{"line":9,"column":57}},"8":{"start":{"line":11,"column":12},"end":{"line":11,"column":21}},"9":{"start":{"line":14,"column":0},"end":{"line":14,"column":18}},"10":{"start":{"line":15,"column":0},"end":{"line":15,"column":16}},"11":{"start":{"line":16,"column":0},"end":{"line":16,"column":23}},"12":{"start":{"line":17,"column":0},"end":{"line":17,"column":24}},"13":{"start":{"line":18,"column":0},"end":{"line":18,"column":48}},"14":{"start":{"line":21,"column":0},"end":{"line":21,"column":33}},"15":{"start":{"line":22,"column":0},"end":{"line":22,"column":34}},"16":{"start":{"line":25,"column":0},"end":{"line":27,"column":3}},"17":{"start":{"line":26,"column":2},"end":{"line":26,"column":29}},"18":{"start":{"line":30,"column":0},"end":{"line":32,"column":3}},"19":{"start":{"line":31,"column":2},"end":{"line":31,"column":53}},"20":{"start":{"line":35,"column":0},"end":{"line":35,"column":22}},"21":{"start":{"line":37,"column":0},"end":{"line":37,"column":21}}},"fnMap":{"0":{"name":"(anonymous_0)","decl":{"start":{"line":25,"column":23},"end":{"line":25,"column":24}},"loc":{"start":{"line":25,"column":37},"end":{"line":27,"column":1}},"line":25},"1":{"name":"(anonymous_1)","decl":{"start":{"line":30,"column":13},"end":{"line":30,"column":14}},"loc":{"start":{"line":30,"column":27},"end":{"line":32,"column":1}},"line":30}},"branchMap":{},"s":{"0":1,"1":1,"2":1,"3":1,"4":1,"5":1,"6":1,"7":1,"8":1,"9":1,"10":1,"11":1,"12":1,"13":1,"14":1,"15":1,"16":1,"17":0,"18":1,"19":0,"20":1,"21":1},"f":{"0":0,"1":0},"b":{},"_coverageSchema":"1a1c01bbd47fc00a2c39e90264f33305004495a9","hash":"bb91527b598f31b32e4d090a367328231756506a"}
,"/home/innohdev/Code/testing-and-debugging-ensuring-mern-app-reliability-Innoh-25/server/src/controllers/authController.js": {"path":"/home/innohdev/Code/testing-and-debugging-ensuring-mern-app-reliability-Innoh-25/server/src/controllers/authController.js","statementMap":{"0":{"start":{"line":1,"column":13},"end":{"line":1,"column":38}},"1":{"start":{"line":2,"column":26},"end":{"line":2,"column":50}},"2":{"start":{"line":4,"column":23},"end":{"line":102,"column":1}},"3":{"start":{"line":6,"column":4},"end":{"line":49,"column":5}},"4":{"start":{"line":7,"column":44},"end":{"line":7,"column":52}},"5":{"start":{"line":10,"column":27},"end":{"line":12,"column":8}},"6":{"start":{"line":14,"column":6},"end":{"line":20,"column":7}},"7":{"start":{"line":15,"column":8},"end":{"line":19,"column":11}},"8":{"start":{"line":23,"column":19},"end":{"line":27,"column":8}},"9":{"start":{"line":29,"column":24},"end":{"line":29,"column":41}},"10":{"start":{"line":32,"column":20},"end":{"line":32,"column":44}},"11":{"start":{"line":34,"column":6},"end":{"line":42,"column":9}},"12":{"start":{"line":44,"column":6},"end":{"line":47,"column":7}},"13":{"start":{"line":45,"column":23},"end":{"line":45,"column":74}},"14":{"start":{"line":45,"column":62},"end":{"line":45,"column":73}},"15":{"start":{"line":46,"column":8},"end":{"line":46,"column":66}},"16":{"start":{"line":48,"column":6},"end":{"line":48,"column":74}},"17":{"start":{"line":53,"column":4},"end":{"line":82,"column":5}},"18":{"start":{"line":54,"column":34},"end":{"line":54,"column":42}},"19":{"start":{"line":57,"column":19},"end":{"line":57,"column":48}},"20":{"start":{"line":58,"column":6},"end":{"line":60,"column":7}},"21":{"start":{"line":59,"column":8},"end":{"line":59,"column":76}},"22":{"start":{"line":63,"column":30},"end":{"line":63,"column":66}},"23":{"start":{"line":64,"column":6},"end":{"line":66,"column":7}},"24":{"start":{"line":65,"column":8},"end":{"line":65,"column":76}},"25":{"start":{"line":69,"column":20},"end":{"line":69,"column":39}},"26":{"start":{"line":71,"column":6},"end":{"line":79,"column":9}},"27":{"start":{"line":81,"column":6},"end":{"line":81,"column":67}},"28":{"start":{"line":86,"column":4},"end":{"line":92,"column":5}},"29":{"start":{"line":89,"column":6},"end":{"line":89,"column":49}},"30":{"start":{"line":91,"column":6},"end":{"line":91,"column":68}},"31":{"start":{"line":96,"column":4},"end":{"line":100,"column":5}},"32":{"start":{"line":97,"column":6},"end":{"line":97,"column":25}},"33":{"start":{"line":99,"column":6},"end":{"line":99,"column":79}},"34":{"start":{"line":104,"column":0},"end":{"line":104,"column":32}}},"fnMap":{"0":{"name":"(anonymous_0)","decl":{"start":{"line":5,"column":2},"end":{"line":5,"column":3}},"loc":{"start":{"line":5,"column":27},"end":{"line":50,"column":3}},"line":5},"1":{"name":"(anonymous_1)","decl":{"start":{"line":45,"column":55},"end":{"line":45,"column":56}},"loc":{"start":{"line":45,"column":62},"end":{"line":45,"column":73}},"line":45},"2":{"name":"(anonymous_2)","decl":{"start":{"line":52,"column":2},"end":{"line":52,"column":3}},"loc":{"start":{"line":52,"column":24},"end":{"line":83,"column":3}},"line":52},"3":{"name":"(anonymous_3)","decl":{"start":{"line":85,"column":3},"end":{"line":85,"column":4}},"loc":{"start":{"line":85,"column":26},"end":{"line":93,"column":3}},"line":85},"4":{"name":"(anonymous_4)","decl":{"start":{"line":95,"column":2},"end":{"line":95,"column":3}},"loc":{"start":{"line":95,"column":33},"end":{"line":101,"column":3}},"line":95}},"branchMap":{"0":{"loc":{"start":{"line":14,"column":6},"end":{"line":20,"column":7}},"type":"if","locations":[{"start":{"line":14,"column":6},"end":{"line":20,"column":7}},{"start":{},"end":{}}],"line":14},"1":{"loc":{"start":{"line":16,"column":17},"end":{"line":18,"column":38}},"type":"cond-expr","locations":[{"start":{"line":17,"column":14},"end":{"line":17,"column":40}},{"start":{"line":18,"column":14},"end":{"line":18,"column":38}}],"line":16},"2":{"loc":{"start":{"line":44,"column":6},"end":{"line":47,"column":7}},"type":"if","locations":[{"start":{"line":44,"column":6},"end":{"line":47,"column":7}},{"start":{},"end":{}}],"line":44},"3":{"loc":{"start":{"line":58,"column":6},"end":{"line":60,"column":7}},"type":"if","locations":[{"start":{"line":58,"column":6},"end":{"line":60,"column":7}},{"start":{},"end":{}}],"line":58},"4":{"loc":{"start":{"line":64,"column":6},"end":{"line":66,"column":7}},"type":"if","locations":[{"start":{"line":64,"column":6},"end":{"line":66,"column":7}},{"start":{},"end":{}}],"line":64}},"s":{"0":2,"1":2,"2":2,"3":3,"4":3,"5":3,"6":3,"7":1,"8":2,"9":2,"10":1,"11":1,"12":1,"13":1,"14":3,"15":1,"16":0,"17":2,"18":2,"19":2,"20":2,"21":1,"22":1,"23":1,"24":0,"25":1,"26":1,"27":0,"28":0,"29":0,"30":0,"31":0,"32":0,"33":0,"34":2},"f":{"0":3,"1":3,"2":2,"3":0,"4":0},"b":{"0":[1,2],"1":[1,0],"2":[1,0],"3":[1,1],"4":[0,1]},"_coverageSchema":"1a1c01bbd47fc00a2c39e90264f33305004495a9","hash":"fe05d0ac1653013f307eae39147ccdac2ca87098"}
,"/home/innohdev/Code/testing-and-debugging-ensuring-mern-app-reliability-Innoh-25/server/src/controllers/postController.js": {"path":"/home/innohdev/Code/testing-and-debugging-ensuring-mern-app-reliability-Innoh-25/server/src/controllers/postController.js","statementMap":{"0":{"start":{"line":1,"column":13},"end":{"line":1,"column":38}},"1":{"start":{"line":3,"column":23},"end":{"line":120,"column":1}},"2":{"start":{"line":5,"column":4},"end":{"line":29,"column":5}},"3":{"start":{"line":6,"column":43},"end":{"line":6,"column":51}},"4":{"start":{"line":9,"column":19},"end":{"line":14,"column":8}},"5":{"start":{"line":17,"column":6},"end":{"line":17,"column":24}},"6":{"start":{"line":19,"column":6},"end":{"line":22,"column":9}},"7":{"start":{"line":24,"column":6},"end":{"line":27,"column":7}},"8":{"start":{"line":25,"column":23},"end":{"line":25,"column":74}},"9":{"start":{"line":25,"column":62},"end":{"line":25,"column":73}},"10":{"start":{"line":26,"column":8},"end":{"line":26,"column":66}},"11":{"start":{"line":28,"column":6},"end":{"line":28,"column":74}},"12":{"start":{"line":33,"column":4},"end":{"line":41,"column":5}},"13":{"start":{"line":34,"column":20},"end":{"line":36,"column":32}},"14":{"start":{"line":38,"column":6},"end":{"line":38,"column":22}},"15":{"start":{"line":40,"column":6},"end":{"line":40,"column":75}},"16":{"start":{"line":45,"column":4},"end":{"line":59,"column":5}},"17":{"start":{"line":46,"column":19},"end":{"line":47,"column":45}},"18":{"start":{"line":49,"column":6},"end":{"line":51,"column":7}},"19":{"start":{"line":50,"column":8},"end":{"line":50,"column":65}},"20":{"start":{"line":53,"column":6},"end":{"line":53,"column":21}},"21":{"start":{"line":55,"column":6},"end":{"line":57,"column":7}},"22":{"start":{"line":56,"column":8},"end":{"line":56,"column":66}},"23":{"start":{"line":58,"column":6},"end":{"line":58,"column":74}},"24":{"start":{"line":63,"column":4},"end":{"line":95,"column":5}},"25":{"start":{"line":64,"column":33},"end":{"line":64,"column":41}},"26":{"start":{"line":66,"column":19},"end":{"line":66,"column":53}},"27":{"start":{"line":67,"column":6},"end":{"line":69,"column":7}},"28":{"start":{"line":68,"column":8},"end":{"line":68,"column":65}},"29":{"start":{"line":72,"column":6},"end":{"line":74,"column":7}},"30":{"start":{"line":73,"column":8},"end":{"line":73,"column":101}},"31":{"start":{"line":76,"column":26},"end":{"line":80,"column":44}},"32":{"start":{"line":82,"column":6},"end":{"line":85,"column":9}},"33":{"start":{"line":87,"column":6},"end":{"line":90,"column":7}},"34":{"start":{"line":88,"column":23},"end":{"line":88,"column":74}},"35":{"start":{"line":88,"column":62},"end":{"line":88,"column":73}},"36":{"start":{"line":89,"column":8},"end":{"line":89,"column":66}},"37":{"start":{"line":91,"column":6},"end":{"line":93,"column":7}},"38":{"start":{"line":92,"column":8},"end":{"line":92,"column":66}},"39":{"start":{"line":94,"column":6},"end":{"line":94,"column":74}},"40":{"start":{"line":99,"column":4},"end":{"line":118,"column":5}},"41":{"start":{"line":100,"column":19},"end":{"line":100,"column":53}},"42":{"start":{"line":101,"column":6},"end":{"line":103,"column":7}},"43":{"start":{"line":102,"column":8},"end":{"line":102,"column":65}},"44":{"start":{"line":106,"column":6},"end":{"line":108,"column":7}},"45":{"start":{"line":107,"column":8},"end":{"line":107,"column":101}},"46":{"start":{"line":110,"column":6},"end":{"line":110,"column":50}},"47":{"start":{"line":112,"column":6},"end":{"line":112,"column":57}},"48":{"start":{"line":114,"column":6},"end":{"line":116,"column":7}},"49":{"start":{"line":115,"column":8},"end":{"line":115,"column":66}},"50":{"start":{"line":117,"column":6},"end":{"line":117,"column":74}},"51":{"start":{"line":122,"column":0},"end":{"line":122,"column":32}}},"fnMap":{"0":{"name":"(anonymous_0)","decl":{"start":{"line":4,"column":2},"end":{"line":4,"column":3}},"loc":{"start":{"line":4,"column":29},"end":{"line":30,"column":3}},"line":4},"1":{"name":"(anonymous_1)","decl":{"start":{"line":25,"column":55},"end":{"line":25,"column":56}},"loc":{"start":{"line":25,"column":62},"end":{"line":25,"column":73}},"line":25},"2":{"name":"(anonymous_2)","decl":{"start":{"line":32,"column":2},"end":{"line":32,"column":3}},"loc":{"start":{"line":32,"column":27},"end":{"line":42,"column":3}},"line":32},"3":{"name":"(anonymous_3)","decl":{"start":{"line":44,"column":2},"end":{"line":44,"column":3}},"loc":{"start":{"line":44,"column":30},"end":{"line":60,"column":3}},"line":44},"4":{"name":"(anonymous_4)","decl":{"start":{"line":62,"column":2},"end":{"line":62,"column":3}},"loc":{"start":{"line":62,"column":29},"end":{"line":96,"column":3}},"line":62},"5":{"name":"(anonymous_5)","decl":{"start":{"line":88,"column":55},"end":{"line":88,"column":56}},"loc":{"start":{"line":88,"column":62},"end":{"line":88,"column":73}},"line":88},"6":{"name":"(anonymous_6)","decl":{"start":{"line":98,"column":2},"end":{"line":98,"column":3}},"loc":{"start":{"line":98,"column":29},"end":{"line":119,"column":3}},"line":98}},"branchMap":{"0":{"loc":{"start":{"line":24,"column":6},"end":{"line":27,"column":7}},"type":"if","locations":[{"start":{"line":24,"column":6},"end":{"line":27,"column":7}},{"start":{},"end":{}}],"line":24},"1":{"loc":{"start":{"line":49,"column":6},"end":{"line":51,"column":7}},"type":"if","locations":[{"start":{"line":49,"column":6},"end":{"line":51,"column":7}},{"start":{},"end":{}}],"line":49},"2":{"loc":{"start":{"line":55,"column":6},"end":{"line":57,"column":7}},"type":"if","locations":[{"start":{"line":55,"column":6},"end":{"line":57,"column":7}},{"start":{},"end":{}}],"line":55},"3":{"loc":{"start":{"line":67,"column":6},"end":{"line":69,"column":7}},"type":"if","locations":[{"start":{"line":67,"column":6},"end":{"line":69,"column":7}},{"start":{},"end":{}}],"line":67},"4":{"loc":{"start":{"line":72,"column":6},"end":{"line":74,"column":7}},"type":"if","locations":[{"start":{"line":72,"column":6},"end":{"line":74,"column":7}},{"start":{},"end":{}}],"line":72},"5":{"loc":{"start":{"line":87,"column":6},"end":{"line":90,"column":7}},"type":"if","locations":[{"start":{"line":87,"column":6},"end":{"line":90,"column":7}},{"start":{},"end":{}}],"line":87},"6":{"loc":{"start":{"line":91,"column":6},"end":{"line":93,"column":7}},"type":"if","locations":[{"start":{"line":91,"column":6},"end":{"line":93,"column":7}},{"start":{},"end":{}}],"line":91},"7":{"loc":{"start":{"line":101,"column":6},"end":{"line":103,"column":7}},"type":"if","locations":[{"start":{"line":101,"column":6},"end":{"line":103,"column":7}},{"start":{},"end":{}}],"line":101},"8":{"loc":{"start":{"line":106,"column":6},"end":{"line":108,"column":7}},"type":"if","locations":[{"start":{"line":106,"column":6},"end":{"line":108,"column":7}},{"start":{},"end":{}}],"line":106},"9":{"loc":{"start":{"line":114,"column":6},"end":{"line":116,"column":7}},"type":"if","locations":[{"start":{"line":114,"column":6},"end":{"line":116,"column":7}},{"start":{},"end":{}}],"line":114}},"s":{"0":1,"1":1,"2":1,"3":1,"4":1,"5":1,"6":1,"7":0,"8":0,"9":0,"10":0,"11":0,"12":1,"13":1,"14":1,"15":0,"16":1,"17":1,"18":1,"19":0,"20":1,"21":0,"22":0,"23":0,"24":1,"25":1,"26":1,"27":1,"28":0,"29":1,"30":0,"31":1,"32":1,"33":0,"34":0,"35":0,"36":0,"37":0,"38":0,"39":0,"40":1,"41":1,"42":1,"43":0,"44":1,"45":0,"46":1,"47":1,"48":0,"49":0,"50":0,"51":1},"f":{"0":1,"1":0,"2":1,"3":1,"4":1,"5":0,"6":1},"b":{"0":[0,0],"1":[0,1],"2":[0,0],"3":[0,1],"4":[0,1],"5":[0,0],"6":[0,0],"7":[0,1],"8":[0,1],"9":[0,0]},"_coverageSchema":"1a1c01bbd47fc00a2c39e90264f33305004495a9","hash":"d311803352621b2b7c7b640b239c0c1c0bb16449"}
,"/home/innohdev/Code/testing-and-debugging-ensuring-mern-app-reliability-Innoh-25/server/src/middleware/auth.js": {"path":"/home/innohdev/Code/testing-and-debugging-ensuring-mern-app-reliability-Innoh-25/server/src/middleware/auth.js","statementMap":{"0":{"start":{"line":1,"column":12},"end":{"line":1,"column":35}},"1":{"start":{"line":2,"column":13},"end":{"line":2,"column":38}},"2":{"start":{"line":4,"column":15},"end":{"line":4,"column":58}},"3":{"start":{"line":6,"column":21},"end":{"line":33,"column":1}},"4":{"start":{"line":7,"column":2},"end":{"line":32,"column":3}},"5":{"start":{"line":8,"column":18},"end":{"line":8,"column":69}},"6":{"start":{"line":10,"column":4},"end":{"line":12,"column":5}},"7":{"start":{"line":11,"column":6},"end":{"line":11,"column":82}},"8":{"start":{"line":14,"column":18},"end":{"line":14,"column":43}},"9":{"start":{"line":15,"column":17},"end":{"line":15,"column":72}},"10":{"start":{"line":17,"column":4},"end":{"line":19,"column":5}},"11":{"start":{"line":18,"column":6},"end":{"line":18,"column":64}},"12":{"start":{"line":21,"column":4},"end":{"line":21,"column":20}},"13":{"start":{"line":22,"column":4},"end":{"line":22,"column":11}},"14":{"start":{"line":24,"column":4},"end":{"line":26,"column":5}},"15":{"start":{"line":25,"column":6},"end":{"line":25,"column":63}},"16":{"start":{"line":27,"column":4},"end":{"line":29,"column":5}},"17":{"start":{"line":28,"column":6},"end":{"line":28,"column":63}},"18":{"start":{"line":31,"column":4},"end":{"line":31,"column":75}},"19":{"start":{"line":35,"column":0},"end":{"line":35,"column":34}}},"fnMap":{"0":{"name":"(anonymous_0)","decl":{"start":{"line":6,"column":21},"end":{"line":6,"column":22}},"loc":{"start":{"line":6,"column":47},"end":{"line":33,"column":1}},"line":6}},"branchMap":{"0":{"loc":{"start":{"line":4,"column":15},"end":{"line":4,"column":58}},"type":"binary-expr","locations":[{"start":{"line":4,"column":15},"end":{"line":4,"column":37}},{"start":{"line":4,"column":41},"end":{"line":4,"column":58}}],"line":4},"1":{"loc":{"start":{"line":10,"column":4},"end":{"line":12,"column":5}},"type":"if","locations":[{"start":{"line":10,"column":4},"end":{"line":12,"column":5}},{"start":{},"end":{}}],"line":10},"2":{"loc":{"start":{"line":17,"column":4},"end":{"line":19,"column":5}},"type":"if","locations":[{"start":{"line":17,"column":4},"end":{"line":19,"column":5}},{"start":{},"end":{}}],"line":17},"3":{"loc":{"start":{"line":24,"column":4},"end":{"line":26,"column":5}},"type":"if","locations":[{"start":{"line":24,"column":4},"end":{"line":26,"column":5}},{"start":{},"end":{}}],"line":24},"4":{"loc":{"start":{"line":27,"column":4},"end":{"line":29,"column":5}},"type":"if","locations":[{"start":{"line":27,"column":4},"end":{"line":29,"column":5}},{"start":{},"end":{}}],"line":27}},"s":{"0":2,"1":2,"2":2,"3":2,"4":9,"5":9,"6":9,"7":2,"8":7,"9":6,"10":5,"11":1,"12":4,"13":4,"14":2,"15":1,"16":1,"17":0,"18":1,"19":2},"f":{"0":9},"b":{"0":[2,2],"1":[2,7],"2":[1,4],"3":[1,1],"4":[0,1]},"_coverageSchema":"1a1c01bbd47fc00a2c39e90264f33305004495a9","hash":"6121c1be321db73a1ee6751580fe38311109ff23"}
,"/home/innohdev/Code/testing-and-debugging-ensuring-mern-app-reliability-Innoh-25/server/src/middleware/errorHandler.js": {"path":"/home/innohdev/Code/testing-and-debugging-ensuring-mern-app-reliability-Innoh-25/server/src/middleware/errorHandler.js","statementMap":{"0":{"start":{"line":1,"column":15},"end":{"line":1,"column":41}},"1":{"start":{"line":3,"column":21},"end":{"line":53,"column":1}},"2":{"start":{"line":5,"column":2},"end":{"line":12,"column":5}},"3":{"start":{"line":15,"column":2},"end":{"line":21,"column":3}},"4":{"start":{"line":16,"column":19},"end":{"line":16,"column":72}},"5":{"start":{"line":16,"column":58},"end":{"line":16,"column":71}},"6":{"start":{"line":17,"column":4},"end":{"line":20,"column":7}},"7":{"start":{"line":24,"column":2},"end":{"line":30,"column":3}},"8":{"start":{"line":25,"column":18},"end":{"line":25,"column":46}},"9":{"start":{"line":26,"column":4},"end":{"line":29,"column":7}},"10":{"start":{"line":33,"column":2},"end":{"line":37,"column":3}},"11":{"start":{"line":34,"column":4},"end":{"line":36,"column":7}},"12":{"start":{"line":39,"column":2},"end":{"line":43,"column":3}},"13":{"start":{"line":40,"column":4},"end":{"line":42,"column":7}},"14":{"start":{"line":46,"column":21},"end":{"line":46,"column":42}},"15":{"start":{"line":47,"column":18},"end":{"line":47,"column":56}},"16":{"start":{"line":49,"column":2},"end":{"line":52,"column":5}},"17":{"start":{"line":55,"column":0},"end":{"line":55,"column":30}}},"fnMap":{"0":{"name":"(anonymous_0)","decl":{"start":{"line":3,"column":21},"end":{"line":3,"column":22}},"loc":{"start":{"line":3,"column":46},"end":{"line":53,"column":1}},"line":3},"1":{"name":"(anonymous_1)","decl":{"start":{"line":16,"column":49},"end":{"line":16,"column":50}},"loc":{"start":{"line":16,"column":58},"end":{"line":16,"column":71}},"line":16}},"branchMap":{"0":{"loc":{"start":{"line":15,"column":2},"end":{"line":21,"column":3}},"type":"if","locations":[{"start":{"line":15,"column":2},"end":{"line":21,"column":3}},{"start":{},"end":{}}],"line":15},"1":{"loc":{"start":{"line":24,"column":2},"end":{"line":30,"column":3}},"type":"if","locations":[{"start":{"line":24,"column":2},"end":{"line":30,"column":3}},{"start":{},"end":{}}],"line":24},"2":{"loc":{"start":{"line":33,"column":2},"end":{"line":37,"column":3}},"type":"if","locations":[{"start":{"line":33,"column":2},"end":{"line":37,"column":3}},{"start":{},"end":{}}],"line":33},"3":{"loc":{"start":{"line":39,"column":2},"end":{"line":43,"column":3}},"type":"if","locations":[{"start":{"line":39,"column":2},"end":{"line":43,"column":3}},{"start":{},"end":{}}],"line":39},"4":{"loc":{"start":{"line":46,"column":21},"end":{"line":46,"column":42}},"type":"binary-expr","locations":[{"start":{"line":46,"column":21},"end":{"line":46,"column":35}},{"start":{"line":46,"column":39},"end":{"line":46,"column":42}}],"line":46},"5":{"loc":{"start":{"line":47,"column":18},"end":{"line":47,"column":56}},"type":"binary-expr","locations":[{"start":{"line":47,"column":18},"end":{"line":47,"column":29}},{"start":{"line":47,"column":33},"end":{"line":47,"column":56}}],"line":47},"6":{"loc":{"start":{"line":51,"column":8},"end":{"line":51,"column":70}},"type":"binary-expr","locations":[{"start":{"line":51,"column":8},"end":{"line":51,"column":46}},{"start":{"line":51,"column":50},"end":{"line":51,"column":70}}],"line":51}},"s":{"0":1,"1":1,"2":0,"3":0,"4":0,"5":0,"6":0,"7":0,"8":0,"9":0,"10":0,"11":0,"12":0,"13":0,"14":0,"15":0,"16":0,"17":1},"f":{"0":0,"1":0},"b":{"0":[0,0],"1":[0,0],"2":[0,0],"3":[0,0],"4":[0,0],"5":[0,0],"6":[0,0]},"_coverageSchema":"1a1c01bbd47fc00a2c39e90264f33305004495a9","hash":"1e9bb7d6cc3dc890b3832f0c42d47fd27d170b19"}
,"/home/innohdev/Code/testing-and-debugging-ensuring-mern-app-reliability-Innoh-25/server/src/models/Post.js": {"path":"/home/innohdev/Code/testing-and-debugging-ensuring-mern-app-reliability-Innoh-25/server/src/models/Post.js","statementMap":{"0":{"start":{"line":1,"column":17},"end":{"line":1,"column":36}},"1":{"start":{"line":3,"column":19},"end":{"line":38,"column":2}},"2":{"start":{"line":41,"column":0},"end":{"line":51,"column":3}},"3":{"start":{"line":42,"column":2},"end":{"line":49,"column":3}},"4":{"start":{"line":43,"column":4},"end":{"line":48,"column":14}},"5":{"start":{"line":50,"column":2},"end":{"line":50,"column":9}},"6":{"start":{"line":53,"column":0},"end":{"line":53,"column":52}}},"fnMap":{"0":{"name":"(anonymous_0)","decl":{"start":{"line":41,"column":27},"end":{"line":41,"column":28}},"loc":{"start":{"line":41,"column":42},"end":{"line":51,"column":1}},"line":41}},"branchMap":{"0":{"loc":{"start":{"line":42,"column":2},"end":{"line":49,"column":3}},"type":"if","locations":[{"start":{"line":42,"column":2},"end":{"line":49,"column":3}},{"start":{},"end":{}}],"line":42},"1":{"loc":{"start":{"line":42,"column":6},"end":{"line":42,"column":44}},"type":"binary-expr","locations":[{"start":{"line":42,"column":6},"end":{"line":42,"column":30}},{"start":{"line":42,"column":34},"end":{"line":42,"column":44}}],"line":42},"2":{"loc":{"start":{"line":43,"column":17},"end":{"line":43,"column":33}},"type":"binary-expr","locations":[{"start":{"line":43,"column":17},"end":{"line":43,"column":27}},{"start":{"line":43,"column":31},"end":{"line":43,"column":33}}],"line":43}},"s":{"0":1,"1":1,"2":1,"3":2,"4":2,"5":2,"6":1},"f":{"0":2},"b":{"0":[2,0],"1":[2,0],"2":[2,0]},"_coverageSchema":"1a1c01bbd47fc00a2c39e90264f33305004495a9","hash":"9b560355023af08c698f56ca6992c11b7931159a"}
,"/home/innohdev/Code/testing-and-debugging-ensuring-mern-app-reliability-Innoh-25/server/src/models/User.js": {"path":"/home/innohdev/Code/testing-and-debugging-ensuring-mern-app-reliability-Innoh-25/server/src/models/User.js","statementMap":{"0":{"start":{"line":1,"column":17},"end":{"line":1,"column":36}},"1":{"start":{"line":2,"column":15},"end":{"line":2,"column":34}},"2":{"start":{"line":4,"column":19},"end":{"line":27,"column":2}},"3":{"start":{"line":30,"column":0},"end":{"line":40,"column":3}},"4":{"start":{"line":31,"column":2},"end":{"line":31,"column":50}},"5":{"start":{"line":31,"column":36},"end":{"line":31,"column":50}},"6":{"start":{"line":33,"column":2},"end":{"line":39,"column":3}},"7":{"start":{"line":34,"column":17},"end":{"line":34,"column":41}},"8":{"start":{"line":35,"column":4},"end":{"line":35,"column":59}},"9":{"start":{"line":36,"column":4},"end":{"line":36,"column":11}},"10":{"start":{"line":38,"column":4},"end":{"line":38,"column":16}},"11":{"start":{"line":43,"column":0},"end":{"line":45,"column":2}},"12":{"start":{"line":44,"column":2},"end":{"line":44,"column":64}},"13":{"start":{"line":48,"column":0},"end":{"line":52,"column":2}},"14":{"start":{"line":49,"column":15},"end":{"line":49,"column":30}},"15":{"start":{"line":50,"column":2},"end":{"line":50,"column":23}},"16":{"start":{"line":51,"column":2},"end":{"line":51,"column":14}},"17":{"start":{"line":54,"column":0},"end":{"line":54,"column":52}}},"fnMap":{"0":{"name":"(anonymous_0)","decl":{"start":{"line":30,"column":23},"end":{"line":30,"column":24}},"loc":{"start":{"line":30,"column":44},"end":{"line":40,"column":1}},"line":30},"1":{"name":"(anonymous_1)","decl":{"start":{"line":43,"column":37},"end":{"line":43,"column":38}},"loc":{"start":{"line":43,"column":71},"end":{"line":45,"column":1}},"line":43},"2":{"name":"(anonymous_2)","decl":{"start":{"line":48,"column":28},"end":{"line":48,"column":29}},"loc":{"start":{"line":48,"column":39},"end":{"line":52,"column":1}},"line":48}},"branchMap":{"0":{"loc":{"start":{"line":31,"column":2},"end":{"line":31,"column":50}},"type":"if","locations":[{"start":{"line":31,"column":2},"end":{"line":31,"column":50}},{"start":{},"end":{}}],"line":31}},"s":{"0":3,"1":3,"2":3,"3":3,"4":1,"5":0,"6":1,"7":1,"8":1,"9":1,"10":0,"11":3,"12":0,"13":3,"14":3,"15":3,"16":3,"17":3},"f":{"0":1,"1":0,"2":3},"b":{"0":[0,1]},"_coverageSchema":"1a1c01bbd47fc00a2c39e90264f33305004495a9","hash":"dcdb43ce1dc375f85f927f0fb15ffa816e2fea31"}
,"/home/innohdev/Code/testing-and-debugging-ensuring-mern-app-reliability-Innoh-25/server/src/routes/auth.js": {"path":"/home/innohdev/Code/testing-and-debugging-ensuring-mern-app-reliability-Innoh-25/server/src/routes/auth.js","statementMap":{"0":{"start":{"line":1,"column":16},"end":{"line":1,"column":34}},"1":{"start":{"line":2,"column":25},"end":{"line":2,"column":54}},"2":{"start":{"line":3,"column":23},"end":{"line":3,"column":63}},"3":{"start":{"line":5,"column":15},"end":{"line":5,"column":31}},"4":{"start":{"line":7,"column":0},"end":{"line":7,"column":50}},"5":{"start":{"line":8,"column":0},"end":{"line":8,"column":44}},"6":{"start":{"line":9,"column":0},"end":{"line":9,"column":60}},"7":{"start":{"line":10,"column":0},"end":{"line":10,"column":63}},"8":{"start":{"line":12,"column":0},"end":{"line":12,"column":24}}},"fnMap":{},"branchMap":{},"s":{"0":1,"1":1,"2":1,"3":1,"4":1,"5":1,"6":1,"7":1,"8":1},"f":{},"b":{},"_coverageSchema":"1a1c01bbd47fc00a2c39e90264f33305004495a9","hash":"dfd161890bd34463caeb6fe1bcf90733f1e4debb"}
,"/home/innohdev/Code/testing-and-debugging-ensuring-mern-app-reliability-Innoh-25/server/src/routes/posts.js": {"path":"/home/innohdev/Code/testing-and-debugging-ensuring-mern-app-reliability-Innoh-25/server/src/routes/posts.js","statementMap":{"0":{"start":{"line":1,"column":16},"end":{"line":1,"column":34}},"1":{"start":{"line":2,"column":25},"end":{"line":2,"column":54}},"2":{"start":{"line":3,"column":23},"end":{"line":3,"column":63}},"3":{"start":{"line":5,"column":15},"end":{"line":5,"column":31}},"4":{"start":{"line":7,"column":0},"end":{"line":7,"column":41}},"5":{"start":{"line":8,"column":0},"end":{"line":8,"column":47}},"6":{"start":{"line":9,"column":0},"end":{"line":9,"column":58}},"7":{"start":{"line":10,"column":0},"end":{"line":10,"column":60}},"8":{"start":{"line":11,"column":0},"end":{"line":11,"column":63}},"9":{"start":{"line":13,"column":0},"end":{"line":13,"column":24}}},"fnMap":{},"branchMap":{},"s":{"0":1,"1":1,"2":1,"3":1,"4":1,"5":1,"6":1,"7":1,"8":1,"9":1},"f":{},"b":{},"_coverageSchema":"1a1c01bbd47fc00a2c39e90264f33305004495a9","hash":"df37debaee3210749ee87c8a0e615d8baa1f78b7"}
,"/home/innohdev/Code/testing-and-debugging-ensuring-mern-app-reliability-Innoh-25/server/src/utils/auth.js": {"path":"/home/innohdev/Code/testing-and-debugging-ensuring-mern-app-reliability-Innoh-25/server/src/utils/auth.js","statementMap":{"0":{"start":{"line":1,"column":12},"end":{"line":1,"column":35}},"1":{"start":{"line":3,"column":15},"end":{"line":3,"column":58}},"2":{"start":{"line":5,"column":22},"end":{"line":11,"column":1}},"3":{"start":{"line":6,"column":2},"end":{"line":10,"column":4}},"4":{"start":{"line":13,"column":20},"end":{"line":16,"column":1}},"5":{"start":{"line":15,"column":2},"end":{"line":15,"column":35}},"6":{"start":{"line":18,"column":0},"end":{"line":18,"column":48}}},"fnMap":{"0":{"name":"(anonymous_0)","decl":{"start":{"line":5,"column":22},"end":{"line":5,"column":23}},"loc":{"start":{"line":5,"column":32},"end":{"line":11,"column":1}},"line":5},"1":{"name":"(anonymous_1)","decl":{"start":{"line":13,"column":20},"end":{"line":13,"column":21}},"loc":{"start":{"line":13,"column":31},"end":{"line":16,"column":1}},"line":13}},"branchMap":{"0":{"loc":{"start":{"line":3,"column":15},"end":{"line":3,"column":58}},"type":"binary-expr","locations":[{"start":{"line":3,"column":15},"end":{"line":3,"column":37}},{"start":{"line":3,"column":41},"end":{"line":3,"column":58}}],"line":3}},"s":{"0":3,"1":3,"2":3,"3":2,"4":3,"5":2,"6":3},"f":{"0":2,"1":2},"b":{"0":[3,3]},"_coverageSchema":"1a1c01bbd47fc00a2c39e90264f33305004495a9","hash":"94d19f041d868cf5d543e6537c912c48ff84c310"}
,"/home/innohdev/Code/testing-and-debugging-ensuring-mern-app-reliability-Innoh-25/server/src/utils/logger.js": {"path":"/home/innohdev/Code/testing-and-debugging-ensuring-mern-app-reliability-Innoh-25/server/src/utils/logger.js","statementMap":{"0":{"start":{"line":1,"column":15},"end":{"line":19,"column":1}},"1":{"start":{"line":3,"column":4},"end":{"line":3,"column":72}},"2":{"start":{"line":7,"column":4},"end":{"line":7,"column":75}},"3":{"start":{"line":11,"column":4},"end":{"line":11,"column":73}},"4":{"start":{"line":15,"column":4},"end":{"line":17,"column":5}},"5":{"start":{"line":16,"column":6},"end":{"line":16,"column":77}},"6":{"start":{"line":21,"column":0},"end":{"line":21,"column":24}}},"fnMap":{"0":{"name":"(anonymous_0)","decl":{"start":{"line":2,"column":8},"end":{"line":2,"column":9}},"loc":{"start":{"line":2,"column":32},"end":{"line":4,"column":3}},"line":2},"1":{"name":"(anonymous_1)","decl":{"start":{"line":6,"column":9},"end":{"line":6,"column":10}},"loc":{"start":{"line":6,"column":33},"end":{"line":8,"column":3}},"line":6},"2":{"name":"(anonymous_2)","decl":{"start":{"line":10,"column":8},"end":{"line":10,"column":9}},"loc":{"start":{"line":10,"column":32},"end":{"line":12,"column":3}},"line":10},"3":{"name":"(anonymous_3)","decl":{"start":{"line":14,"column":9},"end":{"line":14,"column":10}},"loc":{"start":{"line":14,"column":33},"end":{"line":18,"column":3}},"line":14}},"branchMap":{"0":{"loc":{"start":{"line":2,"column":18},"end":{"line":2,"column":27}},"type":"default-arg","locations":[{"start":{"line":2,"column":25},"end":{"line":2,"column":27}}],"line":2},"1":{"loc":{"start":{"line":6,"column":19},"end":{"line":6,"column":28}},"type":"default-arg","locations":[{"start":{"line":6,"column":26},"end":{"line":6,"column":28}}],"line":6},"2":{"loc":{"start":{"line":10,"column":18},"end":{"line":10,"column":27}},"type":"default-arg","locations":[{"start":{"line":10,"column":25},"end":{"line":10,"column":27}}],"line":10},"3":{"loc":{"start":{"line":14,"column":19},"end":{"line":14,"column":28}},"type":"default-arg","locations":[{"start":{"line":14,"column":26},"end":{"line":14,"column":28}}],"line":14},"4":{"loc":{"start":{"line":15,"column":4},"end":{"line":17,"column":5}},"type":"if","locations":[{"start":{"line":15,"column":4},"end":{"line":17,"column":5}},{"start":{},"end":{}}],"line":15}},"s":{"0":1,"1":0,"2":0,"3":0,"4":0,"5":0,"6":1},"f":{"0":0,"1":0,"2":0,"3":0},"b":{"0":[0],"1":[0],"2":[0],"3":[0],"4":[0,0]},"_coverageSchema":"1a1c01bbd47fc00a2c39e90264f33305004495a9","hash":"5a6b5cfd7a64b59514dd0f86e51b0a1d7edff2d9"}
}
