{"/home/innohdev/Code/testing-and-debugging-ensuring-mern-app-reliability-Innoh-25/client/src/App.js": {"path":"/home/innohdev/Code/testing-and-debugging-ensuring-mern-app-reliability-Innoh-25/client/src/App.js","statementMap":{},"fnMap":{},"branchMap":{},"s":{},"f":{},"b":{}}
,"/home/innohdev/Code/testing-and-debugging-ensuring-mern-app-reliability-Innoh-25/client/src/App.jsx": {"path":"/home/innohdev/Code/testing-and-debugging-ensuring-mern-app-reliability-Innoh-25/client/src/App.jsx","statementMap":{"0":{"start":{"line":13,"column":2},"end":{"line":33,"column":4}}},"fnMap":{"0":{"name":"App","decl":{"start":{"line":12,"column":9},"end":{"line":12,"column":12}},"loc":{"start":{"line":12,"column":15},"end":{"line":34,"column":1}},"line":12}},"branchMap":{},"s":{"0":0},"f":{"0":0},"b":{}}
,"/home/innohdev/Code/testing-and-debugging-ensuring-mern-app-reliability-Innoh-25/client/src/index.js": {"path":"/home/innohdev/Code/testing-and-debugging-ensuring-mern-app-reliability-Innoh-25/client/src/index.js","statementMap":{"0":{"start":{"line":5,"column":13},"end":{"line":5,"column":56}},"1":{"start":{"line":6,"column":0},"end":{"line":10,"column":2}}},"fnMap":{},"branchMap":{},"s":{"0":0,"1":0},"f":{},"b":{}}
,"/home/innohdev/Code/testing-and-debugging-ensuring-mern-app-reliability-Innoh-25/client/src/components/BugForm.jsx": {"path":"/home/innohdev/Code/testing-and-debugging-ensuring-mern-app-reliability-Innoh-25/client/src/components/BugForm.jsx","statementMap":{"0":{"start":{"line":7,"column":16},"end":{"line":294,"column":1}},"1":{"start":{"line":8,"column":19},"end":{"line":8,"column":32}},"2":{"start":{"line":9,"column":17},"end":{"line":9,"column":28}},"3":{"start":{"line":10,"column":19},"end":{"line":10,"column":28}},"4":{"start":{"line":11,"column":20},"end":{"line":11,"column":31}},"5":{"start":{"line":13,"column":34},"end":{"line":25,"column":4}},"6":{"start":{"line":26,"column":32},"end":{"line":26,"column":47}},"7":{"start":{"line":27,"column":28},"end":{"line":27,"column":40}},"8":{"start":{"line":29,"column":2},"end":{"line":33,"column":22}},"9":{"start":{"line":30,"column":4},"end":{"line":32,"column":5}},"10":{"start":{"line":31,"column":6},"end":{"line":31,"column":17}},"11":{"start":{"line":35,"column":19},"end":{"line":55,"column":3}},"12":{"start":{"line":36,"column":4},"end":{"line":54,"column":5}},"13":{"start":{"line":37,"column":18},"end":{"line":37,"column":49}},"14":{"start":{"line":38,"column":6},"end":{"line":50,"column":9}},"15":{"start":{"line":52,"column":6},"end":{"line":52,"column":46}},"16":{"start":{"line":53,"column":6},"end":{"line":53,"column":48}},"17":{"start":{"line":57,"column":23},"end":{"line":63,"column":3}},"18":{"start":{"line":58,"column":28},"end":{"line":58,"column":36}},"19":{"start":{"line":59,"column":4},"end":{"line":62,"column":8}},"20":{"start":{"line":59,"column":25},"end":{"line":62,"column":5}},"21":{"start":{"line":65,"column":34},"end":{"line":74,"column":3}},"22":{"start":{"line":66,"column":28},"end":{"line":66,"column":36}},"23":{"start":{"line":67,"column":4},"end":{"line":73,"column":8}},"24":{"start":{"line":67,"column":25},"end":{"line":73,"column":5}},"25":{"start":{"line":76,"column":27},"end":{"line":83,"column":3}},"26":{"start":{"line":77,"column":21},"end":{"line":77,"column":51}},"27":{"start":{"line":78,"column":4},"end":{"line":78,"column":28}},"28":{"start":{"line":79,"column":4},"end":{"line":82,"column":8}},"29":{"start":{"line":79,"column":25},"end":{"line":82,"column":5}},"30":{"start":{"line":85,"column":18},"end":{"line":90,"column":3}},"31":{"start":{"line":86,"column":4},"end":{"line":89,"column":8}},"32":{"start":{"line":86,"column":25},"end":{"line":89,"column":5}},"33":{"start":{"line":92,"column":21},"end":{"line":100,"column":3}},"34":{"start":{"line":93,"column":4},"end":{"line":99,"column":5}},"35":{"start":{"line":94,"column":23},"end":{"line":94,"column":78}},"36":{"start":{"line":94,"column":66},"end":{"line":94,"column":77}},"37":{"start":{"line":95,"column":6},"end":{"line":98,"column":10}},"38":{"start":{"line":95,"column":27},"end":{"line":98,"column":7}},"39":{"start":{"line":102,"column":23},"end":{"line":129,"column":3}},"40":{"start":{"line":103,"column":4},"end":{"line":103,"column":23}},"41":{"start":{"line":104,"column":4},"end":{"line":104,"column":21}},"42":{"start":{"line":105,"column":4},"end":{"line":105,"column":17}},"43":{"start":{"line":107,"column":4},"end":{"line":128,"column":5}},"44":{"start":{"line":109,"column":28},"end":{"line":109,"column":88}},"45":{"start":{"line":109,"column":69},"end":{"line":109,"column":87}},"46":{"start":{"line":111,"column":25},"end":{"line":114,"column":7}},"47":{"start":{"line":116,"column":6},"end":{"line":120,"column":7}},"48":{"start":{"line":117,"column":8},"end":{"line":117,"column":51}},"49":{"start":{"line":119,"column":8},"end":{"line":119,"column":47}},"50":{"start":{"line":122,"column":6},"end":{"line":122,"column":24}},"51":{"start":{"line":124,"column":6},"end":{"line":124,"column":82}},"52":{"start":{"line":125,"column":6},"end":{"line":125,"column":50}},"53":{"start":{"line":127,"column":6},"end":{"line":127,"column":24}},"54":{"start":{"line":131,"column":2},"end":{"line":138,"column":3}},"55":{"start":{"line":132,"column":4},"end":{"line":137,"column":6}},"56":{"start":{"line":140,"column":2},"end":{"line":293,"column":4}},"57":{"start":{"line":221,"column":12},"end":{"line":237,"column":18}},"58":{"start":{"line":225,"column":33},"end":{"line":225,"column":72}},"59":{"start":{"line":231,"column":33},"end":{"line":231,"column":50}},"60":{"start":{"line":278,"column":27},"end":{"line":278,"column":44}}},"fnMap":{"0":{"name":"(anonymous_0)","decl":{"start":{"line":7,"column":16},"end":{"line":7,"column":17}},"loc":{"start":{"line":7,"column":22},"end":{"line":294,"column":1}},"line":7},"1":{"name":"(anonymous_1)","decl":{"start":{"line":29,"column":12},"end":{"line":29,"column":13}},"loc":{"start":{"line":29,"column":18},"end":{"line":33,"column":3}},"line":29},"2":{"name":"(anonymous_2)","decl":{"start":{"line":35,"column":19},"end":{"line":35,"column":20}},"loc":{"start":{"line":35,"column":31},"end":{"line":55,"column":3}},"line":35},"3":{"name":"(anonymous_3)","decl":{"start":{"line":57,"column":23},"end":{"line":57,"column":24}},"loc":{"start":{"line":57,"column":30},"end":{"line":63,"column":3}},"line":57},"4":{"name":"(anonymous_4)","decl":{"start":{"line":59,"column":16},"end":{"line":59,"column":17}},"loc":{"start":{"line":59,"column":25},"end":{"line":62,"column":5}},"line":59},"5":{"name":"(anonymous_5)","decl":{"start":{"line":65,"column":34},"end":{"line":65,"column":35}},"loc":{"start":{"line":65,"column":41},"end":{"line":74,"column":3}},"line":65},"6":{"name":"(anonymous_6)","decl":{"start":{"line":67,"column":16},"end":{"line":67,"column":17}},"loc":{"start":{"line":67,"column":25},"end":{"line":73,"column":5}},"line":67},"7":{"name":"(anonymous_7)","decl":{"start":{"line":76,"column":27},"end":{"line":76,"column":28}},"loc":{"start":{"line":76,"column":45},"end":{"line":83,"column":3}},"line":76},"8":{"name":"(anonymous_8)","decl":{"start":{"line":79,"column":16},"end":{"line":79,"column":17}},"loc":{"start":{"line":79,"column":25},"end":{"line":82,"column":5}},"line":79},"9":{"name":"(anonymous_9)","decl":{"start":{"line":85,"column":18},"end":{"line":85,"column":19}},"loc":{"start":{"line":85,"column":24},"end":{"line":90,"column":3}},"line":85},"10":{"name":"(anonymous_10)","decl":{"start":{"line":86,"column":16},"end":{"line":86,"column":17}},"loc":{"start":{"line":86,"column":25},"end":{"line":89,"column":5}},"line":86},"11":{"name":"(anonymous_11)","decl":{"start":{"line":92,"column":21},"end":{"line":92,"column":22}},"loc":{"start":{"line":92,"column":32},"end":{"line":100,"column":3}},"line":92},"12":{"name":"(anonymous_12)","decl":{"start":{"line":94,"column":56},"end":{"line":94,"column":57}},"loc":{"start":{"line":94,"column":66},"end":{"line":94,"column":77}},"line":94},"13":{"name":"(anonymous_13)","decl":{"start":{"line":95,"column":18},"end":{"line":95,"column":19}},"loc":{"start":{"line":95,"column":27},"end":{"line":98,"column":7}},"line":95},"14":{"name":"(anonymous_14)","decl":{"start":{"line":102,"column":23},"end":{"line":102,"column":24}},"loc":{"start":{"line":102,"column":36},"end":{"line":129,"column":3}},"line":102},"15":{"name":"(anonymous_15)","decl":{"start":{"line":109,"column":61},"end":{"line":109,"column":62}},"loc":{"start":{"line":109,"column":69},"end":{"line":109,"column":87}},"line":109},"16":{"name":"(anonymous_16)","decl":{"start":{"line":220,"column":41},"end":{"line":220,"column":42}},"loc":{"start":{"line":221,"column":12},"end":{"line":237,"column":18}},"line":221},"17":{"name":"(anonymous_17)","decl":{"start":{"line":225,"column":26},"end":{"line":225,"column":27}},"loc":{"start":{"line":225,"column":33},"end":{"line":225,"column":72}},"line":225},"18":{"name":"(anonymous_18)","decl":{"start":{"line":231,"column":27},"end":{"line":231,"column":28}},"loc":{"start":{"line":231,"column":33},"end":{"line":231,"column":50}},"line":231},"19":{"name":"(anonymous_19)","decl":{"start":{"line":278,"column":21},"end":{"line":278,"column":22}},"loc":{"start":{"line":278,"column":27},"end":{"line":278,"column":44}},"line":278}},"branchMap":{"0":{"loc":{"start":{"line":30,"column":4},"end":{"line":32,"column":5}},"type":"if","locations":[{"start":{"line":30,"column":4},"end":{"line":32,"column":5}},{"start":{},"end":{}}],"line":30},"1":{"loc":{"start":{"line":39,"column":15},"end":{"line":39,"column":30}},"type":"binary-expr","locations":[{"start":{"line":39,"column":15},"end":{"line":39,"column":24}},{"start":{"line":39,"column":28},"end":{"line":39,"column":30}}],"line":39},"2":{"loc":{"start":{"line":40,"column":21},"end":{"line":40,"column":42}},"type":"binary-expr","locations":[{"start":{"line":40,"column":21},"end":{"line":40,"column":36}},{"start":{"line":40,"column":40},"end":{"line":40,"column":42}}],"line":40},"3":{"loc":{"start":{"line":41,"column":16},"end":{"line":41,"column":36}},"type":"binary-expr","locations":[{"start":{"line":41,"column":16},"end":{"line":41,"column":26}},{"start":{"line":41,"column":30},"end":{"line":41,"column":36}}],"line":41},"4":{"loc":{"start":{"line":42,"column":18},"end":{"line":42,"column":42}},"type":"binary-expr","locations":[{"start":{"line":42,"column":18},"end":{"line":42,"column":30}},{"start":{"line":42,"column":34},"end":{"line":42,"column":42}}],"line":42},"5":{"loc":{"start":{"line":43,"column":17},"end":{"line":43,"column":34}},"type":"binary-expr","locations":[{"start":{"line":43,"column":17},"end":{"line":43,"column":28}},{"start":{"line":43,"column":32},"end":{"line":43,"column":34}}],"line":43},"6":{"loc":{"start":{"line":44,"column":26},"end":{"line":44,"column":54}},"type":"binary-expr","locations":[{"start":{"line":44,"column":26},"end":{"line":44,"column":46}},{"start":{"line":44,"column":50},"end":{"line":44,"column":54}}],"line":44},"7":{"loc":{"start":{"line":45,"column":21},"end":{"line":49,"column":9}},"type":"binary-expr","locations":[{"start":{"line":45,"column":21},"end":{"line":45,"column":36}},{"start":{"line":45,"column":40},"end":{"line":49,"column":9}}],"line":45},"8":{"loc":{"start":{"line":93,"column":4},"end":{"line":99,"column":5}},"type":"if","locations":[{"start":{"line":93,"column":4},"end":{"line":99,"column":5}},{"start":{},"end":{}}],"line":93},"9":{"loc":{"start":{"line":113,"column":26},"end":{"line":113,"column":73}},"type":"cond-expr","locations":[{"start":{"line":113,"column":53},"end":{"line":113,"column":66}},{"start":{"line":113,"column":69},"end":{"line":113,"column":73}}],"line":113},"10":{"loc":{"start":{"line":116,"column":6},"end":{"line":120,"column":7}},"type":"if","locations":[{"start":{"line":116,"column":6},"end":{"line":120,"column":7}},{"start":{"line":118,"column":13},"end":{"line":120,"column":7}}],"line":116},"11":{"loc":{"start":{"line":124,"column":15},"end":{"line":124,"column":80}},"type":"binary-expr","locations":[{"start":{"line":124,"column":15},"end":{"line":124,"column":26}},{"start":{"line":124,"column":30},"end":{"line":124,"column":80}}],"line":124},"12":{"loc":{"start":{"line":124,"column":43},"end":{"line":124,"column":74}},"type":"cond-expr","locations":[{"start":{"line":124,"column":55},"end":{"line":124,"column":63}},{"start":{"line":124,"column":66},"end":{"line":124,"column":74}}],"line":124},"13":{"loc":{"start":{"line":131,"column":2},"end":{"line":138,"column":3}},"type":"if","locations":[{"start":{"line":131,"column":2},"end":{"line":138,"column":3}},{"start":{},"end":{}}],"line":131},"14":{"loc":{"start":{"line":135,"column":29},"end":{"line":135,"column":58}},"type":"cond-expr","locations":[{"start":{"line":135,"column":41},"end":{"line":135,"column":47}},{"start":{"line":135,"column":50},"end":{"line":135,"column":58}}],"line":135},"15":{"loc":{"start":{"line":142,"column":11},"end":{"line":142,"column":52}},"type":"cond-expr","locations":[{"start":{"line":142,"column":23},"end":{"line":142,"column":33}},{"start":{"line":142,"column":36},"end":{"line":142,"column":52}}],"line":142},"16":{"loc":{"start":{"line":144,"column":7},"end":{"line":144,"column":60}},"type":"binary-expr","locations":[{"start":{"line":144,"column":7},"end":{"line":144,"column":12}},{"start":{"line":144,"column":16},"end":{"line":144,"column":60}}],"line":144},"17":{"loc":{"start":{"line":228,"column":15},"end":{"line":236,"column":15}},"type":"binary-expr","locations":[{"start":{"line":228,"column":15},"end":{"line":228,"column":51}},{"start":{"line":229,"column":16},"end":{"line":235,"column":25}}],"line":228},"18":{"loc":{"start":{"line":288,"column":13},"end":{"line":288,"column":78}},"type":"cond-expr","locations":[{"start":{"line":288,"column":23},"end":{"line":288,"column":34}},{"start":{"line":288,"column":38},"end":{"line":288,"column":77}}],"line":288},"19":{"loc":{"start":{"line":288,"column":38},"end":{"line":288,"column":77}},"type":"cond-expr","locations":[{"start":{"line":288,"column":50},"end":{"line":288,"column":62}},{"start":{"line":288,"column":65},"end":{"line":288,"column":77}}],"line":288}},"s":{"0":0,"1":0,"2":0,"3":0,"4":0,"5":0,"6":0,"7":0,"8":0,"9":0,"10":0,"11":0,"12":0,"13":0,"14":0,"15":0,"16":0,"17":0,"18":0,"19":0,"20":0,"21":0,"22":0,"23":0,"24":0,"25":0,"26":0,"27":0,"28":0,"29":0,"30":0,"31":0,"32":0,"33":0,"34":0,"35":0,"36":0,"37":0,"38":0,"39":0,"40":0,"41":0,"42":0,"43":0,"44":0,"45":0,"46":0,"47":0,"48":0,"49":0,"50":0,"51":0,"52":0,"53":0,"54":0,"55":0,"56":0,"57":0,"58":0,"59":0,"60":0},"f":{"0":0,"1":0,"2":0,"3":0,"4":0,"5":0,"6":0,"7":0,"8":0,"9":0,"10":0,"11":0,"12":0,"13":0,"14":0,"15":0,"16":0,"17":0,"18":0,"19":0},"b":{"0":[0,0],"1":[0,0],"2":[0,0],"3":[0,0],"4":[0,0],"5":[0,0],"6":[0,0],"7":[0,0],"8":[0,0],"9":[0,0],"10":[0,0],"11":[0,0],"12":[0,0],"13":[0,0],"14":[0,0],"15":[0,0],"16":[0,0],"17":[0,0],"18":[0,0],"19":[0,0]}}
,"/home/innohdev/Code/testing-and-debugging-ensuring-mern-app-reliability-Innoh-25/client/src/components/BugList.jsx": {"path":"/home/innohdev/Code/testing-and-debugging-ensuring-mern-app-reliability-Innoh-25/client/src/components/BugList.jsx","statementMap":{"0":{"start":{"line":7,"column":16},"end":{"line":131,"column":1}},"1":{"start":{"line":8,"column":26},"end":{"line":8,"column":38}},"2":{"start":{"line":9,"column":32},"end":{"line":9,"column":46}},"3":{"start":{"line":10,"column":28},"end":{"line":10,"column":40}},"4":{"start":{"line":11,"column":19},"end":{"line":11,"column":28}},"5":{"start":{"line":13,"column":2},"end":{"line":15,"column":9}},"6":{"start":{"line":14,"column":4},"end":{"line":14,"column":16}},"7":{"start":{"line":17,"column":20},"end":{"line":32,"column":3}},"8":{"start":{"line":18,"column":4},"end":{"line":31,"column":5}},"9":{"start":{"line":19,"column":6},"end":{"line":19,"column":23}},"10":{"start":{"line":21,"column":21},"end":{"line":21,"column":47}},"11":{"start":{"line":22,"column":23},"end":{"line":22,"column":55}},"12":{"start":{"line":24,"column":20},"end":{"line":24,"column":78}},"13":{"start":{"line":25,"column":6},"end":{"line":25,"column":21}},"14":{"start":{"line":27,"column":6},"end":{"line":27,"column":39}},"15":{"start":{"line":28,"column":6},"end":{"line":28,"column":49}},"16":{"start":{"line":30,"column":6},"end":{"line":30,"column":24}},"17":{"start":{"line":34,"column":26},"end":{"line":44,"column":3}},"18":{"start":{"line":35,"column":4},"end":{"line":35,"column":77}},"19":{"start":{"line":35,"column":70},"end":{"line":35,"column":77}},"20":{"start":{"line":37,"column":4},"end":{"line":43,"column":5}},"21":{"start":{"line":38,"column":6},"end":{"line":38,"column":40}},"22":{"start":{"line":39,"column":6},"end":{"line":39,"column":53}},"23":{"start":{"line":39,"column":33},"end":{"line":39,"column":50}},"24":{"start":{"line":41,"column":6},"end":{"line":41,"column":39}},"25":{"start":{"line":42,"column":6},"end":{"line":42,"column":48}},"26":{"start":{"line":46,"column":30},"end":{"line":54,"column":3}},"27":{"start":{"line":47,"column":4},"end":{"line":53,"column":5}},"28":{"start":{"line":48,"column":19},"end":{"line":48,"column":40}},"29":{"start":{"line":49,"column":26},"end":{"line":49,"column":54}},"30":{"start":{"line":50,"column":23},"end":{"line":50,"column":48}},"31":{"start":{"line":51,"column":21},"end":{"line":51,"column":44}},"32":{"start":{"line":52,"column":15},"end":{"line":52,"column":36}},"33":{"start":{"line":56,"column":32},"end":{"line":64,"column":3}},"34":{"start":{"line":57,"column":4},"end":{"line":63,"column":5}},"35":{"start":{"line":58,"column":23},"end":{"line":58,"column":50}},"36":{"start":{"line":59,"column":19},"end":{"line":59,"column":42}},"37":{"start":{"line":60,"column":21},"end":{"line":60,"column":46}},"38":{"start":{"line":61,"column":18},"end":{"line":61,"column":40}},"39":{"start":{"line":62,"column":15},"end":{"line":62,"column":40}},"40":{"start":{"line":66,"column":2},"end":{"line":66,"column":69}},"41":{"start":{"line":66,"column":15},"end":{"line":66,"column":69}},"42":{"start":{"line":67,"column":2},"end":{"line":67,"column":57}},"43":{"start":{"line":67,"column":13},"end":{"line":67,"column":57}},"44":{"start":{"line":69,"column":2},"end":{"line":130,"column":4}},"45":{"start":{"line":92,"column":12},"end":{"line":125,"column":18}},"46":{"start":{"line":118,"column":35},"end":{"line":118,"column":59}}},"fnMap":{"0":{"name":"(anonymous_0)","decl":{"start":{"line":7,"column":16},"end":{"line":7,"column":17}},"loc":{"start":{"line":7,"column":22},"end":{"line":131,"column":1}},"line":7},"1":{"name":"(anonymous_1)","decl":{"start":{"line":13,"column":12},"end":{"line":13,"column":13}},"loc":{"start":{"line":13,"column":18},"end":{"line":15,"column":3}},"line":13},"2":{"name":"(anonymous_2)","decl":{"start":{"line":17,"column":20},"end":{"line":17,"column":21}},"loc":{"start":{"line":17,"column":32},"end":{"line":32,"column":3}},"line":17},"3":{"name":"(anonymous_3)","decl":{"start":{"line":34,"column":26},"end":{"line":34,"column":27}},"loc":{"start":{"line":34,"column":43},"end":{"line":44,"column":3}},"line":34},"4":{"name":"(anonymous_4)","decl":{"start":{"line":39,"column":26},"end":{"line":39,"column":27}},"loc":{"start":{"line":39,"column":33},"end":{"line":39,"column":50}},"line":39},"5":{"name":"(anonymous_5)","decl":{"start":{"line":46,"column":30},"end":{"line":46,"column":31}},"loc":{"start":{"line":46,"column":42},"end":{"line":54,"column":3}},"line":46},"6":{"name":"(anonymous_6)","decl":{"start":{"line":56,"column":32},"end":{"line":56,"column":33}},"loc":{"start":{"line":56,"column":46},"end":{"line":64,"column":3}},"line":56},"7":{"name":"(anonymous_7)","decl":{"start":{"line":91,"column":20},"end":{"line":91,"column":21}},"loc":{"start":{"line":92,"column":12},"end":{"line":125,"column":18}},"line":92},"8":{"name":"(anonymous_8)","decl":{"start":{"line":118,"column":29},"end":{"line":118,"column":30}},"loc":{"start":{"line":118,"column":35},"end":{"line":118,"column":59}},"line":118}},"branchMap":{"0":{"loc":{"start":{"line":21,"column":21},"end":{"line":21,"column":47}},"type":"cond-expr","locations":[{"start":{"line":21,"column":28},"end":{"line":21,"column":42}},{"start":{"line":21,"column":45},"end":{"line":21,"column":47}}],"line":21},"1":{"loc":{"start":{"line":24,"column":20},"end":{"line":24,"column":78}},"type":"cond-expr","locations":[{"start":{"line":24,"column":46},"end":{"line":24,"column":54}},{"start":{"line":24,"column":58},"end":{"line":24,"column":77}}],"line":24},"2":{"loc":{"start":{"line":24,"column":58},"end":{"line":24,"column":77}},"type":"binary-expr","locations":[{"start":{"line":24,"column":58},"end":{"line":24,"column":71}},{"start":{"line":24,"column":75},"end":{"line":24,"column":77}}],"line":24},"3":{"loc":{"start":{"line":35,"column":4},"end":{"line":35,"column":77}},"type":"if","locations":[{"start":{"line":35,"column":4},"end":{"line":35,"column":77}},{"start":{},"end":{}}],"line":35},"4":{"loc":{"start":{"line":47,"column":4},"end":{"line":53,"column":5}},"type":"switch","locations":[{"start":{"line":48,"column":6},"end":{"line":48,"column":40}},{"start":{"line":49,"column":6},"end":{"line":49,"column":54}},{"start":{"line":50,"column":6},"end":{"line":50,"column":48}},{"start":{"line":51,"column":6},"end":{"line":51,"column":44}},{"start":{"line":52,"column":6},"end":{"line":52,"column":36}}],"line":47},"5":{"loc":{"start":{"line":57,"column":4},"end":{"line":63,"column":5}},"type":"switch","locations":[{"start":{"line":58,"column":6},"end":{"line":58,"column":50}},{"start":{"line":59,"column":6},"end":{"line":59,"column":42}},{"start":{"line":60,"column":6},"end":{"line":60,"column":46}},{"start":{"line":61,"column":6},"end":{"line":61,"column":40}},{"start":{"line":62,"column":6},"end":{"line":62,"column":40}}],"line":57},"6":{"loc":{"start":{"line":66,"column":2},"end":{"line":66,"column":69}},"type":"if","locations":[{"start":{"line":66,"column":2},"end":{"line":66,"column":69}},{"start":{},"end":{}}],"line":66},"7":{"loc":{"start":{"line":67,"column":2},"end":{"line":67,"column":57}},"type":"if","locations":[{"start":{"line":67,"column":2},"end":{"line":67,"column":57}},{"start":{},"end":{}}],"line":67},"8":{"loc":{"start":{"line":73,"column":9},"end":{"line":77,"column":9}},"type":"binary-expr","locations":[{"start":{"line":73,"column":9},"end":{"line":73,"column":13}},{"start":{"line":74,"column":10},"end":{"line":76,"column":17}}],"line":73},"9":{"loc":{"start":{"line":80,"column":7},"end":{"line":128,"column":7}},"type":"cond-expr","locations":[{"start":{"line":81,"column":8},"end":{"line":88,"column":14}},{"start":{"line":90,"column":8},"end":{"line":127,"column":14}}],"line":80},"10":{"loc":{"start":{"line":83,"column":11},"end":{"line":87,"column":11}},"type":"binary-expr","locations":[{"start":{"line":83,"column":11},"end":{"line":83,"column":15}},{"start":{"line":84,"column":12},"end":{"line":86,"column":19}}],"line":83},"11":{"loc":{"start":{"line":109,"column":38},"end":{"line":109,"column":73}},"type":"binary-expr","locations":[{"start":{"line":109,"column":38},"end":{"line":109,"column":60}},{"start":{"line":109,"column":64},"end":{"line":109,"column":73}}],"line":109}},"s":{"0":0,"1":0,"2":0,"3":0,"4":0,"5":0,"6":0,"7":0,"8":0,"9":0,"10":0,"11":0,"12":0,"13":0,"14":0,"15":0,"16":0,"17":0,"18":0,"19":0,"20":0,"21":0,"22":0,"23":0,"24":0,"25":0,"26":0,"27":0,"28":0,"29":0,"30":0,"31":0,"32":0,"33":0,"34":0,"35":0,"36":0,"37":0,"38":0,"39":0,"40":0,"41":0,"42":0,"43":0,"44":0,"45":0,"46":0},"f":{"0":0,"1":0,"2":0,"3":0,"4":0,"5":0,"6":0,"7":0,"8":0},"b":{"0":[0,0],"1":[0,0],"2":[0,0],"3":[0,0],"4":[0,0,0,0,0],"5":[0,0,0,0,0],"6":[0,0],"7":[0,0],"8":[0,0],"9":[0,0],"10":[0,0],"11":[0,0]}}
,"/home/innohdev/Code/testing-and-debugging-ensuring-mern-app-reliability-Innoh-25/client/src/components/Button.jsx": {"path":"/home/innohdev/Code/testing-and-debugging-ensuring-mern-app-reliability-Innoh-25/client/src/components/Button.jsx","statementMap":{"0":{"start":{"line":3,"column":15},"end":{"line":38,"column":1}},"1":{"start":{"line":14,"column":18},"end":{"line":14,"column":45}},"2":{"start":{"line":16,"column":2},"end":{"line":20,"column":3}},"3":{"start":{"line":17,"column":4},"end":{"line":17,"column":33}},"4":{"start":{"line":19,"column":4},"end":{"line":19,"column":35}},"5":{"start":{"line":23,"column":2},"end":{"line":23,"column":40}},"6":{"start":{"line":23,"column":12},"end":{"line":23,"column":40}},"7":{"start":{"line":25,"column":20},"end":{"line":25,"column":44}},"8":{"start":{"line":27,"column":2},"end":{"line":37,"column":4}}},"fnMap":{"0":{"name":"(anonymous_0)","decl":{"start":{"line":3,"column":15},"end":{"line":3,"column":16}},"loc":{"start":{"line":12,"column":6},"end":{"line":38,"column":1}},"line":12}},"branchMap":{"0":{"loc":{"start":{"line":5,"column":2},"end":{"line":5,"column":21}},"type":"default-arg","locations":[{"start":{"line":5,"column":12},"end":{"line":5,"column":21}}],"line":5},"1":{"loc":{"start":{"line":6,"column":2},"end":{"line":6,"column":13}},"type":"default-arg","locations":[{"start":{"line":6,"column":9},"end":{"line":6,"column":13}}],"line":6},"2":{"loc":{"start":{"line":7,"column":2},"end":{"line":7,"column":18}},"type":"default-arg","locations":[{"start":{"line":7,"column":13},"end":{"line":7,"column":18}}],"line":7},"3":{"loc":{"start":{"line":9,"column":2},"end":{"line":9,"column":17}},"type":"default-arg","locations":[{"start":{"line":9,"column":9},"end":{"line":9,"column":17}}],"line":9},"4":{"loc":{"start":{"line":10,"column":2},"end":{"line":10,"column":16}},"type":"default-arg","locations":[{"start":{"line":10,"column":14},"end":{"line":10,"column":16}}],"line":10},"5":{"loc":{"start":{"line":16,"column":2},"end":{"line":20,"column":3}},"type":"if","locations":[{"start":{"line":16,"column":2},"end":{"line":20,"column":3}},{"start":{"line":18,"column":9},"end":{"line":20,"column":3}}],"line":16},"6":{"loc":{"start":{"line":23,"column":2},"end":{"line":23,"column":40}},"type":"if","locations":[{"start":{"line":23,"column":2},"end":{"line":23,"column":40}},{"start":{},"end":{}}],"line":23}},"s":{"0":1,"1":12,"2":12,"3":2,"4":10,"5":12,"6":12,"7":12,"8":12},"f":{"0":12},"b":{"0":[9],"1":[9],"2":[10],"3":[12],"4":[11],"5":[2,10],"6":[12,0]},"_coverageSchema":"1a1c01bbd47fc00a2c39e90264f33305004495a9","hash":"b37c2c513b819509765eb8d3de5004298a065d59"}
,"/home/innohdev/Code/testing-and-debugging-ensuring-mern-app-reliability-Innoh-25/client/src/components/ErrorBoundary.jsx": {"path":"/home/innohdev/Code/testing-and-debugging-ensuring-mern-app-reliability-Innoh-25/client/src/components/ErrorBoundary.jsx","statementMap":{"0":{"start":{"line":5,"column":4},"end":{"line":5,"column":17}},"1":{"start":{"line":6,"column":4},"end":{"line":6,"column":37}},"2":{"start":{"line":10,"column":4},"end":{"line":10,"column":30}},"3":{"start":{"line":18,"column":16},"end":{"line":22,"column":3}},"4":{"start":{"line":21,"column":4},"end":{"line":21,"column":11}},"5":{"start":{"line":25,"column":4},"end":{"line":33,"column":5}},"6":{"start":{"line":26,"column":6},"end":{"line":32,"column":8}},"7":{"start":{"line":35,"column":4},"end":{"line":35,"column":31}}},"fnMap":{"0":{"name":"(anonymous_0)","decl":{"start":{"line":4,"column":2},"end":{"line":4,"column":3}},"loc":{"start":{"line":4,"column":21},"end":{"line":7,"column":3}},"line":4},"1":{"name":"(anonymous_1)","decl":{"start":{"line":9,"column":2},"end":{"line":9,"column":3}},"loc":{"start":{"line":9,"column":36},"end":{"line":11,"column":3}},"line":9},"2":{"name":"(anonymous_2)","decl":{"start":{"line":13,"column":2},"end":{"line":13,"column":3}},"loc":{"start":{"line":13,"column":33},"end":{"line":16,"column":3}},"line":13},"3":{"name":"(anonymous_3)","decl":{"start":{"line":18,"column":16},"end":{"line":18,"column":17}},"loc":{"start":{"line":18,"column":22},"end":{"line":22,"column":3}},"line":18},"4":{"name":"(anonymous_4)","decl":{"start":{"line":24,"column":2},"end":{"line":24,"column":3}},"loc":{"start":{"line":24,"column":11},"end":{"line":36,"column":3}},"line":24}},"branchMap":{"0":{"loc":{"start":{"line":25,"column":4},"end":{"line":33,"column":5}},"type":"if","locations":[{"start":{"line":25,"column":4},"end":{"line":33,"column":5}},{"start":{},"end":{}}],"line":25}},"s":{"0":6,"1":5,"2":4,"3":5,"4":1,"5":9,"6":4,"7":5},"f":{"0":6,"1":4,"2":2,"3":1,"4":9},"b":{"0":[4,5]},"_coverageSchema":"1a1c01bbd47fc00a2c39e90264f33305004495a9","hash":"7bdf78b3547d29212d0505f18c6d434e1457077d"}
,"/home/innohdev/Code/testing-and-debugging-ensuring-mern-app-reliability-Innoh-25/client/src/components/Login.jsx": {"path":"/home/innohdev/Code/testing-and-debugging-ensuring-mern-app-reliability-Innoh-25/client/src/components/Login.jsx","statementMap":{"0":{"start":{"line":5,"column":14},"end":{"line":42,"column":1}},"1":{"start":{"line":6,"column":28},"end":{"line":6,"column":40}},"2":{"start":{"line":7,"column":34},"end":{"line":7,"column":46}},"3":{"start":{"line":8,"column":28},"end":{"line":8,"column":40}},"4":{"start":{"line":9,"column":20},"end":{"line":9,"column":29}},"5":{"start":{"line":10,"column":19},"end":{"line":10,"column":32}},"6":{"start":{"line":12,"column":23},"end":{"line":21,"column":3}},"7":{"start":{"line":13,"column":4},"end":{"line":13,"column":23}},"8":{"start":{"line":14,"column":4},"end":{"line":14,"column":17}},"9":{"start":{"line":15,"column":4},"end":{"line":20,"column":5}},"10":{"start":{"line":16,"column":6},"end":{"line":16,"column":35}},"11":{"start":{"line":17,"column":6},"end":{"line":17,"column":24}},"12":{"start":{"line":19,"column":6},"end":{"line":19,"column":46}},"13":{"start":{"line":23,"column":2},"end":{"line":41,"column":4}},"14":{"start":{"line":30,"column":61},"end":{"line":30,"column":85}},"15":{"start":{"line":34,"column":67},"end":{"line":34,"column":94}}},"fnMap":{"0":{"name":"(anonymous_0)","decl":{"start":{"line":5,"column":14},"end":{"line":5,"column":15}},"loc":{"start":{"line":5,"column":20},"end":{"line":42,"column":1}},"line":5},"1":{"name":"(anonymous_1)","decl":{"start":{"line":12,"column":23},"end":{"line":12,"column":24}},"loc":{"start":{"line":12,"column":36},"end":{"line":21,"column":3}},"line":12},"2":{"name":"(anonymous_2)","decl":{"start":{"line":30,"column":54},"end":{"line":30,"column":55}},"loc":{"start":{"line":30,"column":61},"end":{"line":30,"column":85}},"line":30},"3":{"name":"(anonymous_3)","decl":{"start":{"line":34,"column":60},"end":{"line":34,"column":61}},"loc":{"start":{"line":34,"column":67},"end":{"line":34,"column":94}},"line":34}},"branchMap":{"0":{"loc":{"start":{"line":19,"column":15},"end":{"line":19,"column":44}},"type":"binary-expr","locations":[{"start":{"line":19,"column":15},"end":{"line":19,"column":26}},{"start":{"line":19,"column":30},"end":{"line":19,"column":44}}],"line":19},"1":{"loc":{"start":{"line":26,"column":7},"end":{"line":26,"column":52}},"type":"binary-expr","locations":[{"start":{"line":26,"column":7},"end":{"line":26,"column":12}},{"start":{"line":26,"column":16},"end":{"line":26,"column":52}}],"line":26}},"s":{"0":0,"1":0,"2":0,"3":0,"4":0,"5":0,"6":0,"7":0,"8":0,"9":0,"10":0,"11":0,"12":0,"13":0,"14":0,"15":0},"f":{"0":0,"1":0,"2":0,"3":0},"b":{"0":[0,0],"1":[0,0]}}
,"/home/innohdev/Code/testing-and-debugging-ensuring-mern-app-reliability-Innoh-25/client/src/components/Navbar.jsx": {"path":"/home/innohdev/Code/testing-and-debugging-ensuring-mern-app-reliability-Innoh-25/client/src/components/Navbar.jsx","statementMap":{"0":{"start":{"line":6,"column":15},"end":{"line":82,"column":1}},"1":{"start":{"line":7,"column":27},"end":{"line":7,"column":36}},"2":{"start":{"line":8,"column":19},"end":{"line":8,"column":32}},"3":{"start":{"line":9,"column":19},"end":{"line":9,"column":32}},"4":{"start":{"line":11,"column":23},"end":{"line":18,"column":3}},"5":{"start":{"line":12,"column":4},"end":{"line":17,"column":5}},"6":{"start":{"line":13,"column":6},"end":{"line":13,"column":21}},"7":{"start":{"line":14,"column":6},"end":{"line":14,"column":25}},"8":{"start":{"line":16,"column":6},"end":{"line":16,"column":44}},"9":{"start":{"line":20,"column":22},"end":{"line":22,"column":3}},"10":{"start":{"line":21,"column":4},"end":{"line":21,"column":61}},"11":{"start":{"line":24,"column":2},"end":{"line":81,"column":4}}},"fnMap":{"0":{"name":"(anonymous_0)","decl":{"start":{"line":6,"column":15},"end":{"line":6,"column":16}},"loc":{"start":{"line":6,"column":21},"end":{"line":82,"column":1}},"line":6},"1":{"name":"(anonymous_1)","decl":{"start":{"line":11,"column":23},"end":{"line":11,"column":24}},"loc":{"start":{"line":11,"column":35},"end":{"line":18,"column":3}},"line":11},"2":{"name":"(anonymous_2)","decl":{"start":{"line":20,"column":22},"end":{"line":20,"column":23}},"loc":{"start":{"line":20,"column":36},"end":{"line":22,"column":3}},"line":20}},"branchMap":{"0":{"loc":{"start":{"line":21,"column":11},"end":{"line":21,"column":60}},"type":"cond-expr","locations":[{"start":{"line":21,"column":22},"end":{"line":21,"column":54}},{"start":{"line":21,"column":57},"end":{"line":21,"column":60}}],"line":21},"1":{"loc":{"start":{"line":35,"column":25},"end":{"line":35,"column":70}},"type":"cond-expr","locations":[{"start":{"line":35,"column":57},"end":{"line":35,"column":65}},{"start":{"line":35,"column":68},"end":{"line":35,"column":70}}],"line":35},"2":{"loc":{"start":{"line":40,"column":11},"end":{"line":49,"column":11}},"type":"binary-expr","locations":[{"start":{"line":40,"column":11},"end":{"line":40,"column":15}},{"start":{"line":41,"column":12},"end":{"line":48,"column":17}}],"line":40},"3":{"loc":{"start":{"line":44,"column":27},"end":{"line":44,"column":76}},"type":"cond-expr","locations":[{"start":{"line":44,"column":63},"end":{"line":44,"column":71}},{"start":{"line":44,"column":74},"end":{"line":44,"column":76}}],"line":44},"4":{"loc":{"start":{"line":53,"column":11},"end":{"line":77,"column":11}},"type":"cond-expr","locations":[{"start":{"line":54,"column":12},"end":{"line":67,"column":15}},{"start":{"line":69,"column":12},"end":{"line":76,"column":15}}],"line":53}},"s":{"0":0,"1":0,"2":0,"3":0,"4":0,"5":0,"6":0,"7":0,"8":0,"9":0,"10":0,"11":0},"f":{"0":0,"1":0,"2":0},"b":{"0":[0,0],"1":[0,0],"2":[0,0],"3":[0,0],"4":[0,0]}}
,"/home/innohdev/Code/testing-and-debugging-ensuring-mern-app-reliability-Innoh-25/client/src/components/Register.jsx": {"path":"/home/innohdev/Code/testing-and-debugging-ensuring-mern-app-reliability-Innoh-25/client/src/components/Register.jsx","statementMap":{"0":{"start":{"line":5,"column":17},"end":{"line":47,"column":1}},"1":{"start":{"line":6,"column":34},"end":{"line":6,"column":46}},"2":{"start":{"line":7,"column":28},"end":{"line":7,"column":40}},"3":{"start":{"line":8,"column":34},"end":{"line":8,"column":46}},"4":{"start":{"line":9,"column":28},"end":{"line":9,"column":40}},"5":{"start":{"line":10,"column":23},"end":{"line":10,"column":32}},"6":{"start":{"line":11,"column":19},"end":{"line":11,"column":32}},"7":{"start":{"line":13,"column":23},"end":{"line":22,"column":3}},"8":{"start":{"line":14,"column":4},"end":{"line":14,"column":23}},"9":{"start":{"line":15,"column":4},"end":{"line":15,"column":17}},"10":{"start":{"line":16,"column":4},"end":{"line":21,"column":5}},"11":{"start":{"line":17,"column":6},"end":{"line":17,"column":52}},"12":{"start":{"line":18,"column":6},"end":{"line":18,"column":24}},"13":{"start":{"line":20,"column":6},"end":{"line":20,"column":49}},"14":{"start":{"line":24,"column":2},"end":{"line":46,"column":4}},"15":{"start":{"line":31,"column":51},"end":{"line":31,"column":78}},"16":{"start":{"line":35,"column":61},"end":{"line":35,"column":85}},"17":{"start":{"line":39,"column":67},"end":{"line":39,"column":94}}},"fnMap":{"0":{"name":"(anonymous_0)","decl":{"start":{"line":5,"column":17},"end":{"line":5,"column":18}},"loc":{"start":{"line":5,"column":23},"end":{"line":47,"column":1}},"line":5},"1":{"name":"(anonymous_1)","decl":{"start":{"line":13,"column":23},"end":{"line":13,"column":24}},"loc":{"start":{"line":13,"column":36},"end":{"line":22,"column":3}},"line":13},"2":{"name":"(anonymous_2)","decl":{"start":{"line":31,"column":44},"end":{"line":31,"column":45}},"loc":{"start":{"line":31,"column":51},"end":{"line":31,"column":78}},"line":31},"3":{"name":"(anonymous_3)","decl":{"start":{"line":35,"column":54},"end":{"line":35,"column":55}},"loc":{"start":{"line":35,"column":61},"end":{"line":35,"column":85}},"line":35},"4":{"name":"(anonymous_4)","decl":{"start":{"line":39,"column":60},"end":{"line":39,"column":61}},"loc":{"start":{"line":39,"column":67},"end":{"line":39,"column":94}},"line":39}},"branchMap":{"0":{"loc":{"start":{"line":20,"column":15},"end":{"line":20,"column":47}},"type":"binary-expr","locations":[{"start":{"line":20,"column":15},"end":{"line":20,"column":26}},{"start":{"line":20,"column":30},"end":{"line":20,"column":47}}],"line":20},"1":{"loc":{"start":{"line":27,"column":7},"end":{"line":27,"column":52}},"type":"binary-expr","locations":[{"start":{"line":27,"column":7},"end":{"line":27,"column":12}},{"start":{"line":27,"column":16},"end":{"line":27,"column":52}}],"line":27}},"s":{"0":0,"1":0,"2":0,"3":0,"4":0,"5":0,"6":0,"7":0,"8":0,"9":0,"10":0,"11":0,"12":0,"13":0,"14":0,"15":0,"16":0,"17":0},"f":{"0":0,"1":0,"2":0,"3":0,"4":0},"b":{"0":[0,0],"1":[0,0]}}
,"/home/innohdev/Code/testing-and-debugging-ensuring-mern-app-reliability-Innoh-25/client/src/components/SimpleComponent.jsx": {"path":"/home/innohdev/Code/testing-and-debugging-ensuring-mern-app-reliability-Innoh-25/client/src/components/SimpleComponent.jsx","statementMap":{"0":{"start":{"line":3,"column":29},"end":{"line":3,"column":44}},"1":{"start":{"line":3,"column":39},"end":{"line":3,"column":44}},"2":{"start":{"line":5,"column":31},"end":{"line":11,"column":1}},"3":{"start":{"line":6,"column":2},"end":{"line":10,"column":4}}},"fnMap":{"0":{"name":"(anonymous_0)","decl":{"start":{"line":3,"column":29},"end":{"line":3,"column":30}},"loc":{"start":{"line":3,"column":39},"end":{"line":3,"column":44}},"line":3},"1":{"name":"(anonymous_1)","decl":{"start":{"line":5,"column":31},"end":{"line":5,"column":32}},"loc":{"start":{"line":5,"column":70},"end":{"line":11,"column":1}},"line":5}},"branchMap":{"0":{"loc":{"start":{"line":5,"column":34},"end":{"line":5,"column":54}},"type":"default-arg","locations":[{"start":{"line":5,"column":41},"end":{"line":5,"column":54}}],"line":5}},"s":{"0":1,"1":3,"2":1,"3":3},"f":{"0":3,"1":3},"b":{"0":[2]},"_coverageSchema":"1a1c01bbd47fc00a2c39e90264f33305004495a9","hash":"cc02150368bc8d4c1c99a632fd605f2d4d3d50d2"}
,"/home/innohdev/Code/testing-and-debugging-ensuring-mern-app-reliability-Innoh-25/client/src/contexts/AuthContext.jsx": {"path":"/home/innohdev/Code/testing-and-debugging-ensuring-mern-app-reliability-Innoh-25/client/src/contexts/AuthContext.jsx","statementMap":{"0":{"start":{"line":4,"column":20},"end":{"line":4,"column":35}},"1":{"start":{"line":6,"column":23},"end":{"line":12,"column":1}},"2":{"start":{"line":7,"column":18},"end":{"line":7,"column":41}},"3":{"start":{"line":8,"column":2},"end":{"line":10,"column":3}},"4":{"start":{"line":9,"column":4},"end":{"line":9,"column":67}},"5":{"start":{"line":11,"column":2},"end":{"line":11,"column":17}},"6":{"start":{"line":14,"column":28},"end":{"line":79,"column":1}},"7":{"start":{"line":15,"column":26},"end":{"line":15,"column":40}},"8":{"start":{"line":17,"column":16},"end":{"line":28,"column":3}},"9":{"start":{"line":19,"column":17},"end":{"line":19,"column":57}},"10":{"start":{"line":21,"column":4},"end":{"line":26,"column":5}},"11":{"start":{"line":22,"column":6},"end":{"line":22,"column":25}},"12":{"start":{"line":24,"column":6},"end":{"line":24,"column":64}},"13":{"start":{"line":24,"column":22},"end":{"line":24,"column":64}},"14":{"start":{"line":25,"column":6},"end":{"line":25,"column":18}},"15":{"start":{"line":27,"column":4},"end":{"line":27,"column":16}},"16":{"start":{"line":30,"column":17},"end":{"line":34,"column":3}},"17":{"start":{"line":31,"column":4},"end":{"line":31,"column":31}},"18":{"start":{"line":32,"column":4},"end":{"line":32,"column":18}},"19":{"start":{"line":33,"column":4},"end":{"line":33,"column":37}},"20":{"start":{"line":36,"column":19},"end":{"line":45,"column":3}},"21":{"start":{"line":38,"column":17},"end":{"line":38,"column":53}},"22":{"start":{"line":40,"column":4},"end":{"line":43,"column":5}},"23":{"start":{"line":41,"column":6},"end":{"line":41,"column":25}},"24":{"start":{"line":42,"column":6},"end":{"line":42,"column":18}},"25":{"start":{"line":44,"column":4},"end":{"line":44,"column":16}},"26":{"start":{"line":48,"column":2},"end":{"line":63,"column":9}},"27":{"start":{"line":49,"column":18},"end":{"line":49,"column":22}},"28":{"start":{"line":50,"column":17},"end":{"line":60,"column":5}},"29":{"start":{"line":51,"column":20},"end":{"line":51,"column":49}},"30":{"start":{"line":52,"column":6},"end":{"line":52,"column":25}},"31":{"start":{"line":52,"column":18},"end":{"line":52,"column":25}},"32":{"start":{"line":53,"column":6},"end":{"line":59,"column":7}},"33":{"start":{"line":54,"column":24},"end":{"line":54,"column":58}},"34":{"start":{"line":55,"column":8},"end":{"line":55,"column":49}},"35":{"start":{"line":55,"column":32},"end":{"line":55,"column":49}},"36":{"start":{"line":58,"column":8},"end":{"line":58,"column":41}},"37":{"start":{"line":61,"column":4},"end":{"line":61,"column":11}},"38":{"start":{"line":62,"column":4},"end":{"line":62,"column":38}},"39":{"start":{"line":62,"column":19},"end":{"line":62,"column":35}},"40":{"start":{"line":65,"column":16},"end":{"line":72,"column":3}},"41":{"start":{"line":74,"column":2},"end":{"line":78,"column":4}}},"fnMap":{"0":{"name":"(anonymous_0)","decl":{"start":{"line":6,"column":23},"end":{"line":6,"column":24}},"loc":{"start":{"line":6,"column":29},"end":{"line":12,"column":1}},"line":6},"1":{"name":"(anonymous_1)","decl":{"start":{"line":14,"column":28},"end":{"line":14,"column":29}},"loc":{"start":{"line":14,"column":46},"end":{"line":79,"column":1}},"line":14},"2":{"name":"(anonymous_2)","decl":{"start":{"line":17,"column":16},"end":{"line":17,"column":17}},"loc":{"start":{"line":17,"column":43},"end":{"line":28,"column":3}},"line":17},"3":{"name":"(anonymous_3)","decl":{"start":{"line":30,"column":17},"end":{"line":30,"column":18}},"loc":{"start":{"line":30,"column":29},"end":{"line":34,"column":3}},"line":30},"4":{"name":"(anonymous_4)","decl":{"start":{"line":36,"column":19},"end":{"line":36,"column":20}},"loc":{"start":{"line":36,"column":39},"end":{"line":45,"column":3}},"line":36},"5":{"name":"(anonymous_5)","decl":{"start":{"line":48,"column":12},"end":{"line":48,"column":13}},"loc":{"start":{"line":48,"column":18},"end":{"line":63,"column":3}},"line":48},"6":{"name":"(anonymous_6)","decl":{"start":{"line":50,"column":17},"end":{"line":50,"column":18}},"loc":{"start":{"line":50,"column":29},"end":{"line":60,"column":5}},"line":50},"7":{"name":"(anonymous_7)","decl":{"start":{"line":62,"column":11},"end":{"line":62,"column":12}},"loc":{"start":{"line":62,"column":17},"end":{"line":62,"column":37}},"line":62}},"branchMap":{"0":{"loc":{"start":{"line":8,"column":2},"end":{"line":10,"column":3}},"type":"if","locations":[{"start":{"line":8,"column":2},"end":{"line":10,"column":3}},{"start":{},"end":{}}],"line":8},"1":{"loc":{"start":{"line":21,"column":4},"end":{"line":26,"column":5}},"type":"if","locations":[{"start":{"line":21,"column":4},"end":{"line":26,"column":5}},{"start":{},"end":{}}],"line":21},"2":{"loc":{"start":{"line":21,"column":8},"end":{"line":21,"column":25}},"type":"binary-expr","locations":[{"start":{"line":21,"column":8},"end":{"line":21,"column":12}},{"start":{"line":21,"column":16},"end":{"line":21,"column":25}}],"line":21},"3":{"loc":{"start":{"line":24,"column":6},"end":{"line":24,"column":64}},"type":"if","locations":[{"start":{"line":24,"column":6},"end":{"line":24,"column":64}},{"start":{},"end":{}}],"line":24},"4":{"loc":{"start":{"line":40,"column":4},"end":{"line":43,"column":5}},"type":"if","locations":[{"start":{"line":40,"column":4},"end":{"line":43,"column":5}},{"start":{},"end":{}}],"line":40},"5":{"loc":{"start":{"line":40,"column":8},"end":{"line":40,"column":25}},"type":"binary-expr","locations":[{"start":{"line":40,"column":8},"end":{"line":40,"column":12}},{"start":{"line":40,"column":16},"end":{"line":40,"column":25}}],"line":40},"6":{"loc":{"start":{"line":52,"column":6},"end":{"line":52,"column":25}},"type":"if","locations":[{"start":{"line":52,"column":6},"end":{"line":52,"column":25}},{"start":{},"end":{}}],"line":52},"7":{"loc":{"start":{"line":55,"column":8},"end":{"line":55,"column":49}},"type":"if","locations":[{"start":{"line":55,"column":8},"end":{"line":55,"column":49}},{"start":{},"end":{}}],"line":55},"8":{"loc":{"start":{"line":55,"column":12},"end":{"line":55,"column":30}},"type":"binary-expr","locations":[{"start":{"line":55,"column":12},"end":{"line":55,"column":19}},{"start":{"line":55,"column":23},"end":{"line":55,"column":30}}],"line":55}},"s":{"0":1,"1":1,"2":7,"3":7,"4":0,"5":7,"6":1,"7":7,"8":7,"9":3,"10":2,"11":2,"12":2,"13":2,"14":2,"15":0,"16":7,"17":1,"18":1,"19":1,"20":7,"21":0,"22":0,"23":0,"24":0,"25":0,"26":7,"27":4,"28":4,"29":4,"30":4,"31":4,"32":0,"33":0,"34":0,"35":0,"36":0,"37":4,"38":4,"39":4,"40":7,"41":7},"f":{"0":7,"1":7,"2":3,"3":1,"4":0,"5":4,"6":4,"7":4},"b":{"0":[0,7],"1":[2,0],"2":[2,2],"3":[2,0],"4":[0,0],"5":[0,0],"6":[4,0],"7":[0,0],"8":[0,0]},"_coverageSchema":"1a1c01bbd47fc00a2c39e90264f33305004495a9","hash":"f6de4e8f58e6d6324336a61ebba81a5c36f97596"}
,"/home/innohdev/Code/testing-and-debugging-ensuring-mern-app-reliability-Innoh-25/client/src/services/api.js": {"path":"/home/innohdev/Code/testing-and-debugging-ensuring-mern-app-reliability-Innoh-25/client/src/services/api.js","statementMap":{"0":{"start":{"line":3,"column":21},"end":{"line":3,"column":81}},"1":{"start":{"line":5,"column":12},"end":{"line":10,"column":2}},"2":{"start":{"line":13,"column":0},"end":{"line":24,"column":2}},"3":{"start":{"line":15,"column":18},"end":{"line":15,"column":47}},"4":{"start":{"line":16,"column":4},"end":{"line":18,"column":5}},"5":{"start":{"line":17,"column":6},"end":{"line":17,"column":55}},"6":{"start":{"line":19,"column":4},"end":{"line":19,"column":18}},"7":{"start":{"line":22,"column":4},"end":{"line":22,"column":33}},"8":{"start":{"line":27,"column":0},"end":{"line":36,"column":2}},"9":{"start":{"line":28,"column":16},"end":{"line":28,"column":24}},"10":{"start":{"line":30,"column":4},"end":{"line":33,"column":5}},"11":{"start":{"line":31,"column":6},"end":{"line":31,"column":39}},"12":{"start":{"line":32,"column":6},"end":{"line":32,"column":38}},"13":{"start":{"line":34,"column":4},"end":{"line":34,"column":33}}},"fnMap":{"0":{"name":"(anonymous_0)","decl":{"start":{"line":14,"column":2},"end":{"line":14,"column":3}},"loc":{"start":{"line":14,"column":14},"end":{"line":20,"column":3}},"line":14},"1":{"name":"(anonymous_1)","decl":{"start":{"line":21,"column":2},"end":{"line":21,"column":3}},"loc":{"start":{"line":21,"column":13},"end":{"line":23,"column":3}},"line":21},"2":{"name":"(anonymous_2)","decl":{"start":{"line":28,"column":2},"end":{"line":28,"column":3}},"loc":{"start":{"line":28,"column":16},"end":{"line":28,"column":24}},"line":28},"3":{"name":"(anonymous_3)","decl":{"start":{"line":29,"column":2},"end":{"line":29,"column":3}},"loc":{"start":{"line":29,"column":13},"end":{"line":35,"column":3}},"line":29}},"branchMap":{"0":{"loc":{"start":{"line":3,"column":21},"end":{"line":3,"column":81}},"type":"binary-expr","locations":[{"start":{"line":3,"column":21},"end":{"line":3,"column":50}},{"start":{"line":3,"column":54},"end":{"line":3,"column":81}}],"line":3},"1":{"loc":{"start":{"line":16,"column":4},"end":{"line":18,"column":5}},"type":"if","locations":[{"start":{"line":16,"column":4},"end":{"line":18,"column":5}},{"start":{},"end":{}}],"line":16},"2":{"loc":{"start":{"line":30,"column":4},"end":{"line":33,"column":5}},"type":"if","locations":[{"start":{"line":30,"column":4},"end":{"line":33,"column":5}},{"start":{},"end":{}}],"line":30}},"s":{"0":3,"1":3,"2":3,"3":0,"4":0,"5":0,"6":0,"7":0,"8":3,"9":0,"10":0,"11":0,"12":0,"13":0},"f":{"0":0,"1":0,"2":0,"3":0},"b":{"0":[3,0],"1":[0,0],"2":[0,0]},"_coverageSchema":"1a1c01bbd47fc00a2c39e90264f33305004495a9","hash":"5b9c8445dc9842188568ceac7db5c630af2063c8"}
,"/home/innohdev/Code/testing-and-debugging-ensuring-mern-app-reliability-Innoh-25/client/src/services/authService.js": {"path":"/home/innohdev/Code/testing-and-debugging-ensuring-mern-app-reliability-Innoh-25/client/src/services/authService.js","statementMap":{"0":{"start":{"line":3,"column":20},"end":{"line":62,"column":1}},"1":{"start":{"line":5,"column":4},"end":{"line":26,"column":5}},"2":{"start":{"line":6,"column":23},"end":{"line":6,"column":73}},"3":{"start":{"line":8,"column":19},"end":{"line":8,"column":73}},"4":{"start":{"line":11,"column":6},"end":{"line":13,"column":7}},"5":{"start":{"line":12,"column":8},"end":{"line":12,"column":36}},"6":{"start":{"line":15,"column":6},"end":{"line":17,"column":7}},"7":{"start":{"line":16,"column":8},"end":{"line":16,"column":50}},"8":{"start":{"line":19,"column":6},"end":{"line":19,"column":18}},"9":{"start":{"line":22,"column":22},"end":{"line":24,"column":48}},"10":{"start":{"line":25,"column":6},"end":{"line":25,"column":31}},"11":{"start":{"line":30,"column":21},"end":{"line":30,"column":63}},"12":{"start":{"line":31,"column":17},"end":{"line":31,"column":42}},"13":{"start":{"line":32,"column":4},"end":{"line":32,"column":62}},"14":{"start":{"line":32,"column":20},"end":{"line":32,"column":62}},"15":{"start":{"line":33,"column":4},"end":{"line":33,"column":16}},"16":{"start":{"line":37,"column":4},"end":{"line":41,"column":5}},"17":{"start":{"line":38,"column":6},"end":{"line":38,"column":37}},"18":{"start":{"line":42,"column":4},"end":{"line":42,"column":37}},"19":{"start":{"line":43,"column":4},"end":{"line":43,"column":16}},"20":{"start":{"line":47,"column":4},"end":{"line":47,"column":49}},"21":{"start":{"line":51,"column":4},"end":{"line":51,"column":43}},"22":{"start":{"line":55,"column":4},"end":{"line":60,"column":5}},"23":{"start":{"line":56,"column":23},"end":{"line":56,"column":48}},"24":{"start":{"line":57,"column":6},"end":{"line":57,"column":27}},"25":{"start":{"line":59,"column":6},"end":{"line":59,"column":18}}},"fnMap":{"0":{"name":"(anonymous_0)","decl":{"start":{"line":4,"column":2},"end":{"line":4,"column":3}},"loc":{"start":{"line":4,"column":31},"end":{"line":27,"column":3}},"line":4},"1":{"name":"(anonymous_1)","decl":{"start":{"line":29,"column":2},"end":{"line":29,"column":3}},"loc":{"start":{"line":29,"column":27},"end":{"line":34,"column":3}},"line":29},"2":{"name":"(anonymous_2)","decl":{"start":{"line":36,"column":2},"end":{"line":36,"column":3}},"loc":{"start":{"line":36,"column":17},"end":{"line":44,"column":3}},"line":36},"3":{"name":"(anonymous_3)","decl":{"start":{"line":46,"column":2},"end":{"line":46,"column":3}},"loc":{"start":{"line":46,"column":13},"end":{"line":48,"column":3}},"line":46},"4":{"name":"(anonymous_4)","decl":{"start":{"line":50,"column":2},"end":{"line":50,"column":3}},"loc":{"start":{"line":50,"column":20},"end":{"line":52,"column":3}},"line":50},"5":{"name":"(anonymous_5)","decl":{"start":{"line":54,"column":2},"end":{"line":54,"column":3}},"loc":{"start":{"line":54,"column":25},"end":{"line":61,"column":3}},"line":54}},"branchMap":{"0":{"loc":{"start":{"line":8,"column":19},"end":{"line":8,"column":73}},"type":"cond-expr","locations":[{"start":{"line":8,"column":49},"end":{"line":8,"column":62}},{"start":{"line":8,"column":65},"end":{"line":8,"column":73}}],"line":8},"1":{"loc":{"start":{"line":8,"column":20},"end":{"line":8,"column":45}},"type":"binary-expr","locations":[{"start":{"line":8,"column":20},"end":{"line":8,"column":28}},{"start":{"line":8,"column":32},"end":{"line":8,"column":45}}],"line":8},"2":{"loc":{"start":{"line":11,"column":6},"end":{"line":13,"column":7}},"type":"if","locations":[{"start":{"line":11,"column":6},"end":{"line":13,"column":7}},{"start":{},"end":{}}],"line":11},"3":{"loc":{"start":{"line":11,"column":10},"end":{"line":11,"column":28}},"type":"binary-expr","locations":[{"start":{"line":11,"column":10},"end":{"line":11,"column":14}},{"start":{"line":11,"column":18},"end":{"line":11,"column":28}}],"line":11},"4":{"loc":{"start":{"line":15,"column":6},"end":{"line":17,"column":7}},"type":"if","locations":[{"start":{"line":15,"column":6},"end":{"line":17,"column":7}},{"start":{},"end":{}}],"line":15},"5":{"loc":{"start":{"line":15,"column":10},"end":{"line":15,"column":28}},"type":"binary-expr","locations":[{"start":{"line":15,"column":10},"end":{"line":15,"column":14}},{"start":{"line":15,"column":18},"end":{"line":15,"column":28}}],"line":15},"6":{"loc":{"start":{"line":22,"column":22},"end":{"line":24,"column":48}},"type":"cond-expr","locations":[{"start":{"line":23,"column":10},"end":{"line":23,"column":33}},{"start":{"line":24,"column":10},"end":{"line":24,"column":48}}],"line":22},"7":{"loc":{"start":{"line":22,"column":22},"end":{"line":22,"column":89}},"type":"binary-expr","locations":[{"start":{"line":22,"column":22},"end":{"line":22,"column":25}},{"start":{"line":22,"column":29},"end":{"line":22,"column":41}},{"start":{"line":22,"column":45},"end":{"line":22,"column":62}},{"start":{"line":22,"column":66},"end":{"line":22,"column":89}}],"line":22},"8":{"loc":{"start":{"line":24,"column":10},"end":{"line":24,"column":48}},"type":"binary-expr","locations":[{"start":{"line":24,"column":11},"end":{"line":24,"column":14}},{"start":{"line":24,"column":18},"end":{"line":24,"column":29}},{"start":{"line":24,"column":34},"end":{"line":24,"column":48}}],"line":24},"9":{"loc":{"start":{"line":31,"column":17},"end":{"line":31,"column":42}},"type":"binary-expr","locations":[{"start":{"line":31,"column":17},"end":{"line":31,"column":30}},{"start":{"line":31,"column":34},"end":{"line":31,"column":42}}],"line":31},"10":{"loc":{"start":{"line":32,"column":4},"end":{"line":32,"column":62}},"type":"if","locations":[{"start":{"line":32,"column":4},"end":{"line":32,"column":62}},{"start":{},"end":{}}],"line":32},"11":{"loc":{"start":{"line":47,"column":11},"end":{"line":47,"column":48}},"type":"binary-expr","locations":[{"start":{"line":47,"column":11},"end":{"line":47,"column":40}},{"start":{"line":47,"column":44},"end":{"line":47,"column":48}}],"line":47}},"s":{"0":2,"1":2,"2":2,"3":1,"4":1,"5":0,"6":1,"7":1,"8":1,"9":1,"10":1,"11":0,"12":0,"13":0,"14":0,"15":0,"16":0,"17":0,"18":0,"19":0,"20":2,"21":2,"22":0,"23":0,"24":0,"25":0},"f":{"0":2,"1":0,"2":0,"3":2,"4":2,"5":0},"b":{"0":[1,0],"1":[1,1],"2":[0,1],"3":[1,1],"4":[1,0],"5":[1,1],"6":[1,0],"7":[1,1,1,1],"8":[0,0,0],"9":[0,0],"10":[0,0],"11":[2,1]},"_coverageSchema":"1a1c01bbd47fc00a2c39e90264f33305004495a9","hash":"9a1711942106c50e2617555b00a121cda20ef3b2"}
,"/home/innohdev/Code/testing-and-debugging-ensuring-mern-app-reliability-Innoh-25/client/src/services/bugService.js": {"path":"/home/innohdev/Code/testing-and-debugging-ensuring-mern-app-reliability-Innoh-25/client/src/services/bugService.js","statementMap":{"0":{"start":{"line":3,"column":19},"end":{"line":29,"column":1}},"1":{"start":{"line":6,"column":21},"end":{"line":6,"column":55}},"2":{"start":{"line":7,"column":4},"end":{"line":7,"column":25}},"3":{"start":{"line":11,"column":21},"end":{"line":11,"column":49}},"4":{"start":{"line":12,"column":4},"end":{"line":12,"column":25}},"5":{"start":{"line":16,"column":21},"end":{"line":16,"column":53}},"6":{"start":{"line":17,"column":4},"end":{"line":17,"column":25}},"7":{"start":{"line":21,"column":21},"end":{"line":21,"column":58}},"8":{"start":{"line":22,"column":4},"end":{"line":22,"column":25}},"9":{"start":{"line":26,"column":21},"end":{"line":26,"column":52}},"10":{"start":{"line":27,"column":4},"end":{"line":27,"column":25}}},"fnMap":{"0":{"name":"(anonymous_0)","decl":{"start":{"line":4,"column":2},"end":{"line":4,"column":3}},"loc":{"start":{"line":4,"column":29},"end":{"line":8,"column":3}},"line":4},"1":{"name":"(anonymous_1)","decl":{"start":{"line":10,"column":2},"end":{"line":10,"column":3}},"loc":{"start":{"line":10,"column":23},"end":{"line":13,"column":3}},"line":10},"2":{"name":"(anonymous_2)","decl":{"start":{"line":15,"column":2},"end":{"line":15,"column":3}},"loc":{"start":{"line":15,"column":27},"end":{"line":18,"column":3}},"line":15},"3":{"name":"(anonymous_3)","decl":{"start":{"line":20,"column":2},"end":{"line":20,"column":3}},"loc":{"start":{"line":20,"column":31},"end":{"line":23,"column":3}},"line":20},"4":{"name":"(anonymous_4)","decl":{"start":{"line":25,"column":2},"end":{"line":25,"column":3}},"loc":{"start":{"line":25,"column":22},"end":{"line":28,"column":3}},"line":25}},"branchMap":{"0":{"loc":{"start":{"line":4,"column":16},"end":{"line":4,"column":27}},"type":"default-arg","locations":[{"start":{"line":4,"column":25},"end":{"line":4,"column":27}}],"line":4}},"s":{"0":0,"1":0,"2":0,"3":0,"4":0,"5":0,"6":0,"7":0,"8":0,"9":0,"10":0},"f":{"0":0,"1":0,"2":0,"3":0,"4":0},"b":{"0":[0]}}
,"/home/innohdev/Code/testing-and-debugging-ensuring-mern-app-reliability-Innoh-25/client/src/tests/setup.js": {"path":"/home/innohdev/Code/testing-and-debugging-ensuring-mern-app-reliability-Innoh-25/client/src/tests/setup.js","statementMap":{"0":{"start":{"line":5,"column":0},"end":{"line":14,"column":1}},"1":{"start":{"line":7,"column":16},"end":{"line":7,"column":32}},"2":{"start":{"line":8,"column":28},"end":{"line":8,"column":59}},"3":{"start":{"line":9,"column":2},"end":{"line":11,"column":3}},"4":{"start":{"line":10,"column":4},"end":{"line":10,"column":38}},"5":{"start":{"line":17,"column":0},"end":{"line":29,"column":3}},"6":{"start":{"line":19,"column":48},"end":{"line":28,"column":3}},"7":{"start":{"line":32,"column":0},"end":{"line":36,"column":4}},"8":{"start":{"line":32,"column":66},"end":{"line":36,"column":1}},"9":{"start":{"line":39,"column":0},"end":{"line":43,"column":4}},"10":{"start":{"line":39,"column":60},"end":{"line":43,"column":1}},"11":{"start":{"line":46,"column":0},"end":{"line":62,"column":2}},"12":{"start":{"line":47,"column":25},"end":{"line":51,"column":3}},"13":{"start":{"line":52,"column":25},"end":{"line":61,"column":3}}},"fnMap":{"0":{"name":"(anonymous_0)","decl":{"start":{"line":19,"column":38},"end":{"line":19,"column":39}},"loc":{"start":{"line":19,"column":48},"end":{"line":28,"column":3}},"line":19},"1":{"name":"(anonymous_1)","decl":{"start":{"line":32,"column":59},"end":{"line":32,"column":60}},"loc":{"start":{"line":32,"column":66},"end":{"line":36,"column":1}},"line":32},"2":{"name":"(anonymous_2)","decl":{"start":{"line":39,"column":53},"end":{"line":39,"column":54}},"loc":{"start":{"line":39,"column":60},"end":{"line":43,"column":1}},"line":39},"3":{"name":"(anonymous_3)","decl":{"start":{"line":47,"column":18},"end":{"line":47,"column":19}},"loc":{"start":{"line":47,"column":25},"end":{"line":51,"column":3}},"line":47},"4":{"name":"(anonymous_4)","decl":{"start":{"line":52,"column":18},"end":{"line":52,"column":19}},"loc":{"start":{"line":52,"column":25},"end":{"line":61,"column":3}},"line":52}},"branchMap":{"0":{"loc":{"start":{"line":9,"column":2},"end":{"line":11,"column":3}},"type":"if","locations":[{"start":{"line":9,"column":2},"end":{"line":11,"column":3}},{"start":{},"end":{}}],"line":9},"1":{"loc":{"start":{"line":9,"column":6},"end":{"line":9,"column":84}},"type":"binary-expr","locations":[{"start":{"line":9,"column":6},"end":{"line":9,"column":11}},{"start":{"line":9,"column":15},"end":{"line":9,"column":24}},{"start":{"line":9,"column":28},"end":{"line":9,"column":45}},{"start":{"line":9,"column":49},"end":{"line":9,"column":84}}],"line":9}},"s":{"0":0,"1":0,"2":0,"3":0,"4":0,"5":0,"6":0,"7":0,"8":0,"9":0,"10":0,"11":0,"12":0,"13":0},"f":{"0":0,"1":0,"2":0,"3":0,"4":0},"b":{"0":[0,0],"1":[0,0,0,0]}}
,"/home/innohdev/Code/testing-and-debugging-ensuring-mern-app-reliability-Innoh-25/client/src/tests/mocks/fileMock.js": {"path":"/home/innohdev/Code/testing-and-debugging-ensuring-mern-app-reliability-Innoh-25/client/src/tests/mocks/fileMock.js","statementMap":{"0":{"start":{"line":1,"column":0},"end":{"line":1,"column":34}}},"fnMap":{},"branchMap":{},"s":{"0":0},"f":{},"b":{}}
,"/home/innohdev/Code/testing-and-debugging-ensuring-mern-app-reliability-Innoh-25/client/src/tests/mocks/styleMock.js": {"path":"/home/innohdev/Code/testing-and-debugging-ensuring-mern-app-reliability-Innoh-25/client/src/tests/mocks/styleMock.js","statementMap":{"0":{"start":{"line":1,"column":0},"end":{"line":1,"column":20}}},"fnMap":{},"branchMap":{},"s":{"0":0},"f":{},"b":{}}
}
