TN:
SF:src/App.js
FN:3,(anonymous_0)
FNF:1
FNH:0
FNDA:0,(anonymous_0)
DA:3,0
DA:4,0
LF:2
LH:0
BRF:0
BRH:0
end_of_record
TN:
SF:src/index.js
FNF:0
FNH:0
DA:5,0
DA:6,0
LF:2
LH:0
BRF:0
BRH:0
end_of_record
TN:
SF:src/components/Button.jsx
FN:3,(anonymous_0)
FNF:1
FNH:1
FNDA:12,(anonymous_0)
DA:3,1
DA:14,12
DA:16,12
DA:17,2
DA:19,10
DA:23,12
DA:25,12
DA:27,12
LF:8
LH:8
BRDA:5,0,0,9
BRDA:6,1,0,9
BRDA:7,2,0,10
BRDA:9,3,0,12
BRDA:10,4,0,11
BRDA:16,5,0,2
BRDA:16,5,1,10
BRDA:23,6,0,12
BRDA:23,6,1,0
BRF:9
BRH:8
end_of_record
TN:
SF:src/components/ErrorBoundary.jsx
FN:4,(anonymous_0)
FN:9,(anonymous_1)
FN:13,(anonymous_2)
FN:18,(anonymous_3)
FN:24,(anonymous_4)
FNF:5
FNH:5
FNDA:6,(anonymous_0)
FNDA:4,(anonymous_1)
FNDA:2,(anonymous_2)
FNDA:1,(anonymous_3)
FNDA:9,(anonymous_4)
DA:5,6
DA:6,5
DA:10,4
DA:18,5
DA:21,1
DA:25,9
DA:26,4
DA:35,5
LF:8
LH:8
BRDA:25,0,0,4
BRDA:25,0,1,5
BRF:2
BRH:2
end_of_record
TN:
SF:src/components/SimpleComponent.jsx
FN:3,(anonymous_0)
FN:5,(anonymous_1)
FNF:2
FNH:2
FNDA:3,(anonymous_0)
FNDA:3,(anonymous_1)
DA:3,3
DA:5,1
DA:6,3
LF:3
LH:3
BRDA:5,0,0,2
BRF:1
BRH:1
end_of_record
TN:
SF:src/contexts/AuthContext.jsx
FN:6,(anonymous_0)
FN:14,(anonymous_1)
FN:17,(anonymous_2)
FN:30,(anonymous_3)
FN:36,(anonymous_4)
FNF:5
FNH:4
FNDA:7,(anonymous_0)
FNDA:7,(anonymous_1)
FNDA:3,(anonymous_2)
FNDA:1,(anonymous_3)
FNDA:0,(anonymous_4)
DA:4,1
DA:6,1
DA:7,7
DA:8,7
DA:9,0
DA:11,7
DA:14,1
DA:15,7
DA:17,7
DA:19,3
DA:21,2
DA:22,2
DA:24,2
DA:25,2
DA:27,0
DA:30,7
DA:31,1
DA:32,1
DA:33,1
DA:36,7
DA:37,0
DA:38,0
DA:39,0
DA:42,7
DA:51,7
LF:25
LH:20
BRDA:8,0,0,0
BRDA:8,0,1,7
BRDA:21,1,0,2
BRDA:21,1,1,0
BRDA:21,2,0,2
BRDA:21,2,1,2
BRDA:24,3,0,2
BRDA:24,3,1,0
BRF:8
BRH:5
end_of_record
TN:
SF:src/services/api.js
FN:14,(anonymous_0)
FN:21,(anonymous_1)
FN:28,(anonymous_2)
FN:29,(anonymous_3)
FNF:4
FNH:0
FNDA:0,(anonymous_0)
FNDA:0,(anonymous_1)
FNDA:0,(anonymous_2)
FNDA:0,(anonymous_3)
DA:3,3
DA:5,3
DA:13,3
DA:15,0
DA:16,0
DA:17,0
DA:19,0
DA:22,0
DA:27,3
DA:28,0
DA:30,0
DA:31,0
DA:32,0
DA:34,0
LF:14
LH:4
BRDA:3,0,0,3
BRDA:3,0,1,0
BRDA:16,1,0,0
BRDA:16,1,1,0
BRDA:30,2,0,0
BRDA:30,2,1,0
BRF:6
BRH:1
end_of_record
TN:
SF:src/services/authService.js
FN:4,(anonymous_0)
FN:29,(anonymous_1)
FN:36,(anonymous_2)
FN:46,(anonymous_3)
FN:50,(anonymous_4)
FN:54,(anonymous_5)
FNF:6
FNH:3
FNDA:2,(anonymous_0)
FNDA:0,(anonymous_1)
FNDA:0,(anonymous_2)
FNDA:2,(anonymous_3)
FNDA:2,(anonymous_4)
FNDA:0,(anonymous_5)
DA:3,2
DA:5,2
DA:6,2
DA:8,1
DA:11,1
DA:12,0
DA:15,1
DA:16,1
DA:19,1
DA:22,1
DA:25,1
DA:30,0
DA:31,0
DA:32,0
DA:33,0
DA:37,0
DA:38,0
DA:42,0
DA:43,0
DA:47,2
DA:51,2
DA:55,0
DA:56,0
DA:57,0
DA:59,0
LF:25
LH:12
BRDA:8,0,0,1
BRDA:8,0,1,0
BRDA:8,1,0,1
BRDA:8,1,1,1
BRDA:11,2,0,0
BRDA:11,2,1,1
BRDA:11,3,0,1
BRDA:11,3,1,1
BRDA:15,4,0,1
BRDA:15,4,1,0
BRDA:15,5,0,1
BRDA:15,5,1,1
BRDA:22,6,0,1
BRDA:22,6,1,0
BRDA:22,7,0,1
BRDA:22,7,1,1
BRDA:22,7,2,1
BRDA:22,7,3,1
BRDA:24,8,0,0
BRDA:24,8,1,0
BRDA:24,8,2,0
BRDA:31,9,0,0
BRDA:31,9,1,0
BRDA:32,10,0,0
BRDA:32,10,1,0
BRDA:47,11,0,2
BRDA:47,11,1,1
BRF:27
BRH:16
end_of_record
TN:
SF:src/tests/setup.js
FN:19,(anonymous_0)
FN:32,(anonymous_1)
FN:39,(anonymous_2)
FN:47,(anonymous_3)
FN:52,(anonymous_4)
FNF:5
FNH:0
FNDA:0,(anonymous_0)
FNDA:0,(anonymous_1)
FNDA:0,(anonymous_2)
FNDA:0,(anonymous_3)
FNDA:0,(anonymous_4)
DA:5,0
DA:7,0
DA:8,0
DA:9,0
DA:10,0
DA:17,0
DA:19,0
DA:32,0
DA:39,0
DA:46,0
DA:47,0
DA:52,0
LF:12
LH:0
BRDA:9,0,0,0
BRDA:9,0,1,0
BRDA:9,1,0,0
BRDA:9,1,1,0
BRDA:9,1,2,0
BRDA:9,1,3,0
BRF:6
BRH:0
end_of_record
TN:
SF:src/tests/mocks/fileMock.js
FNF:0
FNH:0
DA:1,0
LF:1
LH:0
BRF:0
BRH:0
end_of_record
TN:
SF:src/tests/mocks/styleMock.js
FNF:0
FNH:0
DA:1,0
LF:1
LH:0
BRF:0
BRH:0
end_of_record
